[2015-11-20 10:33:55]	INFO	worker [0] onTimer (60000) time_key : 126 -- 0
[2015-11-20 10:34:55]	INFO	worker [0] onTimer (60000) time_key : 126 -- 0
[2015-11-20 10:35:55]	INFO	worker [0] onTimer (60000) time_key : 127 -- 0
[2015-11-20 10:36:55]	INFO	worker [0] onTimer (60000) time_key : 127 -- 0
[2015-11-20 10:37:55]	INFO	worker [0] onTimer (60000) time_key : 127 -- 1
[2015-11-20 10:38:55]	INFO	worker [0] onTimer (60000) time_key : 127 -- 1
[2015-11-20 10:39:55]	INFO	worker [0] onTimer (60000) time_key : 127 -- 1
[2015-11-20 10:40:55]	INFO	worker [0] onTimer (60000) time_key : 128 -- 1
[2015-11-20 10:40:55]	INFO	[0] task 123_123_127_127 to 0
[2015-11-20 10:41:55]	INFO	worker [0] onTimer (60000) time_key : 128 -- 0
[2015-11-20 10:34:00]	INFO	task worker [1] onTimer (65000) time_key : 126 -- 0
[2015-11-20 10:35:05]	INFO	task worker [1] onTimer (65000) time_key : 127 -- 0
[2015-11-20 10:36:10]	INFO	task worker [1] onTimer (65000) time_key : 127 -- 0
[2015-11-20 10:37:15]	INFO	task worker [1] onTimer (65000) time_key : 127 -- 0
[2015-11-20 10:38:20]	INFO	task worker [1] onTimer (65000) time_key : 127 -- 0
[2015-11-20 10:39:25]	INFO	task worker [1] onTimer (65000) time_key : 127 -- 0
[2015-11-20 10:40:30]	INFO	task worker [1] onTimer (65000) time_key : 128 -- 0
[2015-11-20 10:41:35]	INFO	task worker [1] onTimer (65000) time_key : 128 -- 1
[2015-11-20 10:42:40]	INFO	task worker [1] onTimer (65000) time_key : 128 -- 1
[2015-11-20 10:43:45]	INFO	task worker [1] onTimer (65000) time_key : 128 -- 1
[2015-11-20 10:50:37]	INFO	worker [0] onTimer (60000) time_key : 130 -- 0
[2015-11-20 10:51:37]	INFO	worker [0] onTimer (60000) time_key : 130 -- 0
[2015-11-20 10:52:37]	INFO	worker [0] onTimer (60000) time_key : 130 -- 0
[2015-11-20 10:53:37]	INFO	worker [0] onTimer (60000) time_key : 130 -- 0
[2015-11-20 10:54:37]	INFO	worker [0] onTimer (60000) time_key : 130 -- 0
[2015-11-20 10:55:37]	INFO	worker [0] onTimer (60000) time_key : 131 -- 0
[2015-11-20 10:56:37]	INFO	worker [0] onTimer (60000) time_key : 131 -- 1
[2015-11-20 10:57:37]	INFO	worker [0] onTimer (60000) time_key : 131 -- 1
[2015-11-20 10:58:37]	INFO	worker [0] onTimer (60000) time_key : 131 -- 1
[2015-11-20 10:59:37]	INFO	worker [0] onTimer (60000) time_key : 131 -- 1
[2015-11-20 10:50:42]	INFO	task worker [1] onTimer (65000) time_key : 130 -- 0
[2015-11-20 10:51:47]	INFO	task worker [1] onTimer (65000) time_key : 130 -- 0
[2015-11-20 10:52:52]	INFO	task worker [1] onTimer (65000) time_key : 130 -- 0
[2015-11-20 10:53:57]	INFO	task worker [1] onTimer (65000) time_key : 130 -- 0
[2015-11-20 10:55:02]	INFO	task worker [1] onTimer (65000) time_key : 131 -- 0
[2015-11-20 10:56:07]	INFO	task worker [1] onTimer (65000) time_key : 131 -- 0
[2015-11-20 10:57:12]	INFO	task worker [1] onTimer (65000) time_key : 131 -- 0
[2015-11-20 10:58:17]	INFO	task worker [1] onTimer (65000) time_key : 131 -- 0
[2015-11-20 10:59:22]	INFO	task worker [1] onTimer (65000) time_key : 131 -- 0
[2015-11-20 11:00:27]	INFO	task worker [1] onTimer (65000) time_key : 132 -- 0
[2015-11-20 11:08:58]	INFO	worker [0] onTimer (60000) time_key : 133 -- 0
[2015-11-20 11:09:58]	INFO	worker [0] onTimer (60000) time_key : 133 -- 0
[2015-11-20 11:10:58]	INFO	worker [0] onTimer (60000) time_key : 134 -- 0
[2015-11-20 11:11:58]	INFO	worker [0] onTimer (60000) time_key : 134 -- 0
[2015-11-20 11:12:58]	INFO	worker [0] onTimer (60000) time_key : 134 -- 0
[2015-11-20 11:13:58]	INFO	worker [0] onTimer (60000) time_key : 134 -- 0
[2015-11-20 11:14:58]	INFO	worker [0] onTimer (60000) time_key : 134 -- 1
[2015-11-20 11:15:58]	INFO	worker [0] onTimer (60000) time_key : 135 -- 1
[2015-11-20 11:15:58]	INFO	[0] task 123_123_134_134 to 0
[2015-11-20 11:16:58]	INFO	worker [0] onTimer (60000) time_key : 135 -- 0
[2015-11-20 11:09:03]	INFO	task worker [1] onTimer (65000) time_key : 133 -- 0
[2015-11-20 11:10:08]	INFO	task worker [1] onTimer (65000) time_key : 134 -- 0
[2015-11-20 11:11:13]	INFO	task worker [1] onTimer (65000) time_key : 134 -- 0
[2015-11-20 11:12:18]	INFO	task worker [1] onTimer (65000) time_key : 134 -- 0
[2015-11-20 11:13:23]	INFO	task worker [1] onTimer (65000) time_key : 134 -- 0
[2015-11-20 11:14:28]	INFO	task worker [1] onTimer (65000) time_key : 134 -- 0
[2015-11-20 11:15:33]	INFO	task worker [1] onTimer (65000) time_key : 135 -- 0
[2015-11-20 11:16:38]	INFO	task worker [1] onTimer (65000) time_key : 135 -- 1
[2015-11-20 11:17:43]	INFO	task worker [1] onTimer (65000) time_key : 135 -- 1
[2015-11-20 11:18:48]	INFO	task worker [1] onTimer (65000) time_key : 135 -- 1
[2015-11-20 13:53:57]	INFO	task worker [1] onTimer (65000) time_key : 833 -- 1
[2015-11-20 13:55:02]	INFO	task worker [1] onTimer (65000) time_key : 835 -- 2
[2015-11-20 13:55:02]	INFO	insert task-123_123_832_166 to stats_server table
[2015-11-20 13:55:02]	INFO	new table stats_server_20151120
[2015-11-20 13:55:02]	INFO	insert task-123_123_832_166 to stats_client table
[2015-11-20 13:55:02]	INFO	new table stats_client_20151120
[2015-11-20 13:55:02]	INFO	insert task-123_123_832_166 to stats table
[2015-11-20 13:55:02]	INFO	new table stats_20151120
[2015-11-20 13:55:02]	INFO	insert task-123_123_833_166 to stats_server table
[2015-11-20 13:55:02]	INFO	insert task-123_123_833_166 to stats_client table
[2015-11-20 13:53:52]	INFO	worker [0] onTimer (60000) time_key : 833 -- 2
[2015-11-20 13:53:52]	INFO	[0] task 123_123_832_166 to 0
[2015-11-20 13:54:52]	INFO	worker [0] onTimer (60000) time_key : 834 -- 1
[2015-11-20 13:54:52]	INFO	[0] task 123_123_833_166 to 0
[2015-11-20 13:55:52]	INFO	worker [0] onTimer (60000) time_key : 835 -- 0
[2015-11-20 13:56:52]	INFO	worker [0] onTimer (60000) time_key : 836 -- 0
[2015-11-20 13:57:52]	INFO	worker [0] onTimer (60000) time_key : 837 -- 0
[2015-11-20 13:58:52]	INFO	worker [0] onTimer (60000) time_key : 838 -- 0
[2015-11-20 13:59:52]	INFO	worker [0] onTimer (60000) time_key : 839 -- 1
[2015-11-20 14:00:52]	INFO	worker [0] onTimer (60000) time_key : 840 -- 1
[2015-11-20 13:55:02]	INFO	insert task-123_123_833_166 to stats table
[2015-11-20 13:56:07]	INFO	task worker [1] onTimer (65000) time_key : 836 -- 0
[2015-11-20 13:57:12]	INFO	task worker [1] onTimer (65000) time_key : 837 -- 0
[2015-11-20 13:58:17]	INFO	task worker [1] onTimer (65000) time_key : 838 -- 0
[2015-11-20 13:59:22]	INFO	task worker [1] onTimer (65000) time_key : 839 -- 0
[2015-11-20 14:00:27]	INFO	task worker [1] onTimer (65000) time_key : 840 -- 0
[2015-11-20 14:01:32]	INFO	task worker [1] onTimer (65000) time_key : 841 -- 1
[2015-11-20 14:01:32]	INFO	insert task-123_123_839_167 to stats_server table
[2015-11-20 14:01:32]	INFO	insert task-123_123_839_167 to stats_client table
[2015-11-20 14:01:32]	INFO	insert task-123_123_839_167 to stats table
[2015-11-20 14:00:52]	INFO	[0] task 123_123_839_167 to 0
[2015-11-20 14:01:52]	INFO	worker [0] onTimer (60000) time_key : 841 -- 0
[2015-11-20 14:02:52]	INFO	worker [0] onTimer (60000) time_key : 842 -- 0
[2015-11-20 14:03:52]	INFO	worker [0] onTimer (60000) time_key : 843 -- 0
[2015-11-20 14:04:52]	INFO	worker [0] onTimer (60000) time_key : 844 -- 0
[2015-11-20 14:05:52]	INFO	worker [0] onTimer (60000) time_key : 845 -- 0
[2015-11-20 14:06:52]	INFO	worker [0] onTimer (60000) time_key : 846 -- 0
[2015-11-20 14:07:52]	INFO	worker [0] onTimer (60000) time_key : 847 -- 0
[2015-11-20 14:08:52]	INFO	worker [0] onTimer (60000) time_key : 848 -- 0
[2015-11-20 14:09:52]	INFO	worker [0] onTimer (60000) time_key : 849 -- 0
[2015-11-20 14:02:37]	INFO	task worker [1] onTimer (65000) time_key : 842 -- 0
[2015-11-20 14:03:42]	INFO	task worker [1] onTimer (65000) time_key : 843 -- 0
[2015-11-20 14:04:47]	INFO	task worker [1] onTimer (65000) time_key : 844 -- 0
[2015-11-20 14:05:52]	INFO	task worker [1] onTimer (65000) time_key : 845 -- 0
[2015-11-20 14:06:57]	INFO	task worker [1] onTimer (65000) time_key : 846 -- 0
[2015-11-20 14:08:02]	INFO	task worker [1] onTimer (65000) time_key : 848 -- 0
[2015-11-20 14:09:07]	INFO	task worker [1] onTimer (65000) time_key : 849 -- 0
[2015-11-20 14:10:12]	INFO	task worker [1] onTimer (65000) time_key : 850 -- 0
[2015-11-20 14:11:17]	INFO	task worker [1] onTimer (65000) time_key : 851 -- 0
[2015-11-20 14:12:22]	INFO	task worker [1] onTimer (65000) time_key : 852 -- 0
[2015-11-20 14:10:52]	INFO	worker [0] onTimer (60000) time_key : 850 -- 0
[2015-11-20 14:11:52]	INFO	worker [0] onTimer (60000) time_key : 851 -- 0
[2015-11-20 14:12:52]	INFO	worker [0] onTimer (60000) time_key : 852 -- 0
[2015-11-20 14:13:52]	INFO	worker [0] onTimer (60000) time_key : 853 -- 0
[2015-11-20 14:14:52]	INFO	worker [0] onTimer (60000) time_key : 854 -- 0
[2015-11-20 14:15:52]	INFO	worker [0] onTimer (60000) time_key : 855 -- 0
[2015-11-20 14:16:52]	INFO	worker [0] onTimer (60000) time_key : 856 -- 0
[2015-11-20 14:17:52]	INFO	worker [0] onTimer (60000) time_key : 857 -- 0
[2015-11-20 14:18:52]	INFO	worker [0] onTimer (60000) time_key : 858 -- 0
[2015-11-20 14:19:52]	INFO	worker [0] onTimer (60000) time_key : 859 -- 0
[2015-11-20 14:13:27]	INFO	task worker [1] onTimer (65000) time_key : 853 -- 0
[2015-11-20 14:14:32]	INFO	task worker [1] onTimer (65000) time_key : 854 -- 0
[2015-11-20 14:15:37]	INFO	task worker [1] onTimer (65000) time_key : 855 -- 0
[2015-11-20 14:16:42]	INFO	task worker [1] onTimer (65000) time_key : 856 -- 0
[2015-11-20 14:17:47]	INFO	task worker [1] onTimer (65000) time_key : 857 -- 0
[2015-11-20 14:18:52]	INFO	task worker [1] onTimer (65000) time_key : 858 -- 0
[2015-11-20 14:19:57]	INFO	task worker [1] onTimer (65000) time_key : 859 -- 0
[2015-11-20 14:21:02]	INFO	task worker [1] onTimer (65000) time_key : 861 -- 0
[2015-11-20 14:22:07]	INFO	task worker [1] onTimer (65000) time_key : 862 -- 0
[2015-11-20 14:23:12]	INFO	task worker [1] onTimer (65000) time_key : 863 -- 0
[2015-11-20 14:20:52]	INFO	worker [0] onTimer (60000) time_key : 860 -- 0
[2015-11-20 14:21:52]	INFO	worker [0] onTimer (60000) time_key : 861 -- 0
[2015-11-20 14:22:52]	INFO	worker [0] onTimer (60000) time_key : 862 -- 0
[2015-11-20 14:23:52]	INFO	worker [0] onTimer (60000) time_key : 863 -- 0
[2015-11-20 14:24:52]	INFO	worker [0] onTimer (60000) time_key : 864 -- 0
[2015-11-20 14:25:52]	INFO	worker [0] onTimer (60000) time_key : 865 -- 0
[2015-11-20 14:26:52]	INFO	worker [0] onTimer (60000) time_key : 866 -- 0
[2015-11-20 14:27:52]	INFO	worker [0] onTimer (60000) time_key : 867 -- 0
[2015-11-20 14:28:52]	INFO	worker [0] onTimer (60000) time_key : 868 -- 1
[2015-11-20 14:29:52]	INFO	worker [0] onTimer (60000) time_key : 869 -- 1
[2015-11-20 14:24:17]	INFO	task worker [1] onTimer (65000) time_key : 864 -- 0
[2015-11-20 14:25:22]	INFO	task worker [1] onTimer (65000) time_key : 865 -- 0
[2015-11-20 14:26:27]	INFO	task worker [1] onTimer (65000) time_key : 866 -- 0
[2015-11-20 14:27:32]	INFO	task worker [1] onTimer (65000) time_key : 867 -- 0
[2015-11-20 14:28:37]	INFO	task worker [1] onTimer (65000) time_key : 868 -- 0
[2015-11-20 14:29:42]	INFO	task worker [1] onTimer (65000) time_key : 869 -- 0
[2015-11-20 14:30:47]	INFO	task worker [1] onTimer (65000) time_key : 870 -- 1
[2015-11-20 14:30:47]	INFO	insert task-123_123_868_173 to stats_server table
[2015-11-20 14:30:47]	INFO	insert task-123_123_868_173 to stats_client table
[2015-11-20 14:30:47]	INFO	insert task-123_123_868_173 to stats table
[2015-11-20 14:36:50]	INFO	task worker [1] onTimer (65000) time_key : 876 -- 1
[2015-11-20 14:37:55]	INFO	task worker [1] onTimer (65000) time_key : 877 -- 2
[2015-11-20 14:37:55]	INFO	insert task-123_123_875_875 to stats_server table
[2015-11-20 14:37:55]	INFO	insert task-123_123_875_875 to stats_client table
[2015-11-20 14:37:55]	INFO	insert task-123_123_875_875 to stats table
[2015-11-20 14:39:00]	INFO	task worker [1] onTimer (65000) time_key : 879 -- 1
[2015-11-20 14:39:00]	INFO	insert task-123_123_876_876 to stats_server table
[2015-11-20 14:39:00]	INFO	insert task-123_123_876_876 to stats_client table
[2015-11-20 14:39:00]	INFO	insert task-123_123_876_876 to stats table
[2015-11-20 14:40:05]	INFO	task worker [1] onTimer (65000) time_key : 880 -- 0
[2015-11-20 14:36:45]	INFO	worker [0] onTimer (60000) time_key : 876 -- 2
[2015-11-20 14:36:45]	INFO	[0] task 123_123_875_875 to 0
[2015-11-20 14:37:45]	INFO	worker [0] onTimer (60000) time_key : 877 -- 1
[2015-11-20 14:37:45]	INFO	[0] task 123_123_876_876 to 0
[2015-11-20 14:38:45]	INFO	worker [0] onTimer (60000) time_key : 878 -- 0
[2015-11-20 14:39:45]	INFO	worker [0] onTimer (60000) time_key : 879 -- 1
[2015-11-20 14:40:45]	INFO	worker [0] onTimer (60000) time_key : 880 -- 1
[2015-11-20 14:40:45]	INFO	[0] task 123_123_879_879 to 0
[2015-11-20 14:41:45]	INFO	worker [0] onTimer (60000) time_key : 881 -- 0
[2015-11-20 14:42:45]	INFO	worker [0] onTimer (60000) time_key : 882 -- 0
[2015-11-20 14:41:10]	INFO	task worker [1] onTimer (65000) time_key : 881 -- 1
[2015-11-20 14:41:10]	INFO	insert task-123_123_879_879 to stats_server table
[2015-11-20 14:41:10]	INFO	insert task-123_123_879_879 to stats_client table
[2015-11-20 14:41:10]	INFO	insert task-123_123_879_879 to stats table
[2015-11-20 14:42:15]	INFO	task worker [1] onTimer (65000) time_key : 882 -- 0
[2015-11-20 14:43:20]	INFO	task worker [1] onTimer (65000) time_key : 883 -- 0
[2015-11-20 14:44:25]	INFO	task worker [1] onTimer (65000) time_key : 884 -- 0
[2015-11-20 14:45:30]	INFO	task worker [1] onTimer (65000) time_key : 885 -- 0
[2015-11-20 14:46:35]	INFO	task worker [1] onTimer (65000) time_key : 886 -- 0
[2015-11-20 14:47:40]	INFO	task worker [1] onTimer (65000) time_key : 887 -- 0
[2015-11-20 14:43:45]	INFO	worker [0] onTimer (60000) time_key : 883 -- 0
[2015-11-20 14:44:45]	INFO	worker [0] onTimer (60000) time_key : 884 -- 0
[2015-11-20 14:45:45]	INFO	worker [0] onTimer (60000) time_key : 885 -- 0
[2015-11-20 14:46:45]	INFO	worker [0] onTimer (60000) time_key : 886 -- 0
[2015-11-20 14:47:45]	INFO	worker [0] onTimer (60000) time_key : 887 -- 0
[2015-11-20 14:48:45]	INFO	worker [0] onTimer (60000) time_key : 888 -- 0
[2015-11-20 14:49:45]	INFO	worker [0] onTimer (60000) time_key : 889 -- 0
[2015-11-20 14:50:45]	INFO	worker [0] onTimer (60000) time_key : 890 -- 0
[2015-11-20 14:51:45]	INFO	worker [0] onTimer (60000) time_key : 891 -- 0
[2015-11-20 14:52:45]	INFO	worker [0] onTimer (60000) time_key : 892 -- 0
[2015-11-20 14:48:45]	INFO	task worker [1] onTimer (65000) time_key : 888 -- 0
[2015-11-20 14:49:50]	INFO	task worker [1] onTimer (65000) time_key : 889 -- 0
[2015-11-20 14:50:55]	INFO	task worker [1] onTimer (65000) time_key : 890 -- 0
[2015-11-20 14:52:00]	INFO	task worker [1] onTimer (65000) time_key : 892 -- 0
[2015-11-20 14:53:05]	INFO	task worker [1] onTimer (65000) time_key : 893 -- 0
[2015-11-20 14:54:10]	INFO	task worker [1] onTimer (65000) time_key : 894 -- 0
[2015-11-20 14:55:15]	INFO	task worker [1] onTimer (65000) time_key : 895 -- 0
[2015-11-20 14:56:20]	INFO	task worker [1] onTimer (65000) time_key : 896 -- 0
[2015-11-20 14:57:25]	INFO	task worker [1] onTimer (65000) time_key : 897 -- 0
[2015-11-20 14:58:30]	INFO	task worker [1] onTimer (65000) time_key : 898 -- 0
[2015-11-20 14:53:45]	INFO	worker [0] onTimer (60000) time_key : 893 -- 0
[2015-11-20 14:54:45]	INFO	worker [0] onTimer (60000) time_key : 894 -- 0
[2015-11-20 14:55:45]	INFO	worker [0] onTimer (60000) time_key : 895 -- 0
[2015-11-20 14:56:45]	INFO	worker [0] onTimer (60000) time_key : 896 -- 0
[2015-11-20 14:57:45]	INFO	worker [0] onTimer (60000) time_key : 897 -- 0
[2015-11-20 14:58:45]	INFO	worker [0] onTimer (60000) time_key : 898 -- 0
[2015-11-20 14:59:45]	INFO	worker [0] onTimer (60000) time_key : 899 -- 0
[2015-11-20 15:00:45]	INFO	worker [0] onTimer (60000) time_key : 900 -- 0
[2015-11-20 15:01:45]	INFO	worker [0] onTimer (60000) time_key : 901 -- 0
[2015-11-20 15:02:45]	INFO	worker [0] onTimer (60000) time_key : 902 -- 0
[2015-11-20 14:59:35]	INFO	task worker [1] onTimer (65000) time_key : 899 -- 0
[2015-11-20 15:00:40]	INFO	task worker [1] onTimer (65000) time_key : 900 -- 0
[2015-11-20 15:01:45]	INFO	task worker [1] onTimer (65000) time_key : 901 -- 0
[2015-11-20 15:02:50]	INFO	task worker [1] onTimer (65000) time_key : 902 -- 0
[2015-11-20 15:03:55]	INFO	task worker [1] onTimer (65000) time_key : 903 -- 0
[2015-11-20 15:05:00]	INFO	task worker [1] onTimer (65000) time_key : 905 -- 0
[2015-11-20 15:06:05]	INFO	task worker [1] onTimer (65000) time_key : 906 -- 0
[2015-11-20 15:07:10]	INFO	task worker [1] onTimer (65000) time_key : 907 -- 0
[2015-11-20 15:08:15]	INFO	task worker [1] onTimer (65000) time_key : 908 -- 0
[2015-11-20 15:09:20]	INFO	task worker [1] onTimer (65000) time_key : 909 -- 0
[2015-11-20 15:03:45]	INFO	worker [0] onTimer (60000) time_key : 903 -- 0
[2015-11-20 15:04:45]	INFO	worker [0] onTimer (60000) time_key : 904 -- 0
[2015-11-20 15:05:45]	INFO	worker [0] onTimer (60000) time_key : 905 -- 0
[2015-11-20 15:06:45]	INFO	worker [0] onTimer (60000) time_key : 906 -- 0
[2015-11-20 15:07:45]	INFO	worker [0] onTimer (60000) time_key : 907 -- 0
[2015-11-20 15:08:45]	INFO	worker [0] onTimer (60000) time_key : 908 -- 0
[2015-11-20 15:09:45]	INFO	worker [0] onTimer (60000) time_key : 909 -- 0
[2015-11-20 15:10:45]	INFO	worker [0] onTimer (60000) time_key : 910 -- 0
[2015-11-20 15:11:45]	INFO	worker [0] onTimer (60000) time_key : 911 -- 0
[2015-11-20 15:12:45]	INFO	worker [0] onTimer (60000) time_key : 912 -- 0
[2015-11-20 15:10:25]	INFO	task worker [1] onTimer (65000) time_key : 910 -- 0
[2015-11-20 15:11:30]	INFO	task worker [1] onTimer (65000) time_key : 911 -- 0
[2015-11-20 15:12:35]	INFO	task worker [1] onTimer (65000) time_key : 912 -- 0
[2015-11-20 15:13:40]	INFO	task worker [1] onTimer (65000) time_key : 913 -- 0
[2015-11-20 15:14:45]	INFO	task worker [1] onTimer (65000) time_key : 914 -- 0
[2015-11-20 15:15:50]	INFO	task worker [1] onTimer (65000) time_key : 915 -- 0
[2015-11-20 15:16:55]	INFO	task worker [1] onTimer (65000) time_key : 916 -- 0
[2015-11-20 15:18:00]	INFO	task worker [1] onTimer (65000) time_key : 918 -- 0
[2015-11-20 15:19:05]	INFO	task worker [1] onTimer (65000) time_key : 919 -- 0
[2015-11-20 15:20:10]	INFO	task worker [1] onTimer (65000) time_key : 920 -- 0
[2015-11-20 15:13:45]	INFO	worker [0] onTimer (60000) time_key : 913 -- 0
[2015-11-20 15:14:45]	INFO	worker [0] onTimer (60000) time_key : 914 -- 0
[2015-11-20 15:15:45]	INFO	worker [0] onTimer (60000) time_key : 915 -- 0
[2015-11-20 15:16:45]	INFO	worker [0] onTimer (60000) time_key : 916 -- 0
[2015-11-20 15:17:45]	INFO	worker [0] onTimer (60000) time_key : 917 -- 0
[2015-11-20 15:18:45]	INFO	worker [0] onTimer (60000) time_key : 918 -- 0
[2015-11-20 15:19:45]	INFO	worker [0] onTimer (60000) time_key : 919 -- 0
[2015-11-20 15:20:45]	INFO	worker [0] onTimer (60000) time_key : 920 -- 0
[2015-11-20 15:21:45]	INFO	worker [0] onTimer (60000) time_key : 921 -- 0
[2015-11-20 15:22:45]	INFO	worker [0] onTimer (60000) time_key : 922 -- 0
[2015-11-20 15:21:15]	INFO	task worker [1] onTimer (65000) time_key : 921 -- 0
[2015-11-20 15:22:20]	INFO	task worker [1] onTimer (65000) time_key : 922 -- 0
[2015-11-20 15:23:25]	INFO	task worker [1] onTimer (65000) time_key : 923 -- 0
[2015-11-20 15:24:30]	INFO	task worker [1] onTimer (65000) time_key : 924 -- 0
[2015-11-20 15:25:35]	INFO	task worker [1] onTimer (65000) time_key : 925 -- 0
[2015-11-20 15:26:40]	INFO	task worker [1] onTimer (65000) time_key : 926 -- 0
[2015-11-20 15:27:45]	INFO	task worker [1] onTimer (65000) time_key : 927 -- 0
[2015-11-20 15:28:50]	INFO	task worker [1] onTimer (65000) time_key : 928 -- 0
[2015-11-20 15:29:55]	INFO	task worker [1] onTimer (65000) time_key : 929 -- 0
[2015-11-20 15:31:00]	INFO	task worker [1] onTimer (65000) time_key : 931 -- 0
[2015-11-20 15:23:45]	INFO	worker [0] onTimer (60000) time_key : 923 -- 0
[2015-11-20 15:24:45]	INFO	worker [0] onTimer (60000) time_key : 924 -- 0
[2015-11-20 15:25:45]	INFO	worker [0] onTimer (60000) time_key : 925 -- 0
[2015-11-20 15:26:45]	INFO	worker [0] onTimer (60000) time_key : 926 -- 0
[2015-11-20 15:27:45]	INFO	worker [0] onTimer (60000) time_key : 927 -- 0
[2015-11-20 15:28:45]	INFO	worker [0] onTimer (60000) time_key : 928 -- 0
[2015-11-20 15:29:45]	INFO	worker [0] onTimer (60000) time_key : 929 -- 0
[2015-11-20 15:30:45]	INFO	worker [0] onTimer (60000) time_key : 930 -- 0
[2015-11-20 15:31:45]	INFO	worker [0] onTimer (60000) time_key : 931 -- 0
[2015-11-20 15:32:45]	INFO	worker [0] onTimer (60000) time_key : 932 -- 0
[2015-11-20 15:32:05]	INFO	task worker [1] onTimer (65000) time_key : 932 -- 0
[2015-11-20 15:33:10]	INFO	task worker [1] onTimer (65000) time_key : 933 -- 0
[2015-11-20 15:34:15]	INFO	task worker [1] onTimer (65000) time_key : 934 -- 0
[2015-11-20 15:35:20]	INFO	task worker [1] onTimer (65000) time_key : 935 -- 0
[2015-11-20 15:36:25]	INFO	task worker [1] onTimer (65000) time_key : 936 -- 0
[2015-11-20 15:37:30]	INFO	task worker [1] onTimer (65000) time_key : 937 -- 0
[2015-11-20 15:38:35]	INFO	task worker [1] onTimer (65000) time_key : 938 -- 0
[2015-11-20 15:39:40]	INFO	task worker [1] onTimer (65000) time_key : 939 -- 0
[2015-11-20 15:40:45]	INFO	task worker [1] onTimer (65000) time_key : 940 -- 0
[2015-11-20 15:41:50]	INFO	task worker [1] onTimer (65000) time_key : 941 -- 0
[2015-11-20 15:33:45]	INFO	worker [0] onTimer (60000) time_key : 933 -- 0
[2015-11-20 15:34:45]	INFO	worker [0] onTimer (60000) time_key : 934 -- 0
[2015-11-20 15:35:45]	INFO	worker [0] onTimer (60000) time_key : 935 -- 0
[2015-11-20 15:36:45]	INFO	worker [0] onTimer (60000) time_key : 936 -- 0
[2015-11-20 15:37:45]	INFO	worker [0] onTimer (60000) time_key : 937 -- 0
[2015-11-20 15:38:45]	INFO	worker [0] onTimer (60000) time_key : 938 -- 0
[2015-11-20 15:39:45]	INFO	worker [0] onTimer (60000) time_key : 939 -- 0
[2015-11-20 15:40:45]	INFO	worker [0] onTimer (60000) time_key : 940 -- 0
[2015-11-20 15:41:45]	INFO	worker [0] onTimer (60000) time_key : 941 -- 0
[2015-11-20 15:42:45]	INFO	worker [0] onTimer (60000) time_key : 942 -- 0
[2015-11-20 15:42:55]	INFO	task worker [1] onTimer (65000) time_key : 942 -- 0
[2015-11-20 15:44:00]	INFO	task worker [1] onTimer (65000) time_key : 944 -- 0
[2015-11-20 15:45:05]	INFO	task worker [1] onTimer (65000) time_key : 945 -- 0
[2015-11-20 15:46:10]	INFO	task worker [1] onTimer (65000) time_key : 946 -- 0
[2015-11-20 15:47:15]	INFO	task worker [1] onTimer (65000) time_key : 947 -- 0
[2015-11-20 15:48:20]	INFO	task worker [1] onTimer (65000) time_key : 948 -- 0
[2015-11-20 15:49:25]	INFO	task worker [1] onTimer (65000) time_key : 949 -- 0
[2015-11-20 15:50:30]	INFO	task worker [1] onTimer (65000) time_key : 950 -- 0
[2015-11-20 15:51:35]	INFO	task worker [1] onTimer (65000) time_key : 951 -- 0
[2015-11-20 15:52:40]	INFO	task worker [1] onTimer (65000) time_key : 952 -- 0
[2015-11-20 15:43:45]	INFO	worker [0] onTimer (60000) time_key : 943 -- 0
[2015-11-20 15:44:45]	INFO	worker [0] onTimer (60000) time_key : 944 -- 0
[2015-11-20 15:45:45]	INFO	worker [0] onTimer (60000) time_key : 945 -- 0
[2015-11-20 15:46:45]	INFO	worker [0] onTimer (60000) time_key : 946 -- 0
[2015-11-20 15:47:45]	INFO	worker [0] onTimer (60000) time_key : 947 -- 0
[2015-11-20 15:48:45]	INFO	worker [0] onTimer (60000) time_key : 948 -- 0
[2015-11-20 15:49:45]	INFO	worker [0] onTimer (60000) time_key : 949 -- 0
[2015-11-20 15:50:45]	INFO	worker [0] onTimer (60000) time_key : 950 -- 0
[2015-11-20 15:51:45]	INFO	worker [0] onTimer (60000) time_key : 951 -- 0
[2015-11-20 15:52:45]	INFO	worker [0] onTimer (60000) time_key : 952 -- 0
[2015-11-20 15:53:45]	INFO	worker [0] onTimer (60000) time_key : 953 -- 0
[2015-11-20 15:54:45]	INFO	worker [0] onTimer (60000) time_key : 954 -- 0
[2015-11-20 15:55:45]	INFO	worker [0] onTimer (60000) time_key : 955 -- 0
[2015-11-20 15:56:45]	INFO	worker [0] onTimer (60000) time_key : 956 -- 0
[2015-11-20 15:57:45]	INFO	worker [0] onTimer (60000) time_key : 957 -- 0
[2015-11-20 15:58:45]	INFO	worker [0] onTimer (60000) time_key : 958 -- 0
[2015-11-20 15:59:45]	INFO	worker [0] onTimer (60000) time_key : 959 -- 0
[2015-11-20 16:00:45]	INFO	worker [0] onTimer (60000) time_key : 960 -- 0
[2015-11-20 16:01:45]	INFO	worker [0] onTimer (60000) time_key : 961 -- 0
[2015-11-20 16:02:45]	INFO	worker [0] onTimer (60000) time_key : 962 -- 0
[2015-11-20 15:53:45]	INFO	task worker [1] onTimer (65000) time_key : 953 -- 0
[2015-11-20 15:54:50]	INFO	task worker [1] onTimer (65000) time_key : 954 -- 0
[2015-11-20 15:55:55]	INFO	task worker [1] onTimer (65000) time_key : 955 -- 0
[2015-11-20 15:57:00]	INFO	task worker [1] onTimer (65000) time_key : 957 -- 0
[2015-11-20 15:58:05]	INFO	task worker [1] onTimer (65000) time_key : 958 -- 0
[2015-11-20 15:59:10]	INFO	task worker [1] onTimer (65000) time_key : 959 -- 0
[2015-11-20 16:00:15]	INFO	task worker [1] onTimer (65000) time_key : 960 -- 0
[2015-11-20 16:01:20]	INFO	task worker [1] onTimer (65000) time_key : 961 -- 0
[2015-11-20 16:02:25]	INFO	task worker [1] onTimer (65000) time_key : 962 -- 0
[2015-11-20 16:03:30]	INFO	task worker [1] onTimer (65000) time_key : 963 -- 0
[2015-11-20 16:03:45]	INFO	worker [0] onTimer (60000) time_key : 963 -- 0
[2015-11-20 16:04:45]	INFO	worker [0] onTimer (60000) time_key : 964 -- 0
[2015-11-20 16:05:45]	INFO	worker [0] onTimer (60000) time_key : 965 -- 0
[2015-11-20 16:06:45]	INFO	worker [0] onTimer (60000) time_key : 966 -- 0
[2015-11-20 16:07:45]	INFO	worker [0] onTimer (60000) time_key : 967 -- 0
[2015-11-20 16:08:45]	INFO	worker [0] onTimer (60000) time_key : 968 -- 0
[2015-11-20 16:09:45]	INFO	worker [0] onTimer (60000) time_key : 969 -- 0
[2015-11-20 16:10:45]	INFO	worker [0] onTimer (60000) time_key : 970 -- 0
[2015-11-20 16:11:45]	INFO	worker [0] onTimer (60000) time_key : 971 -- 0
[2015-11-20 16:12:45]	INFO	worker [0] onTimer (60000) time_key : 972 -- 0
[2015-11-20 16:04:35]	INFO	task worker [1] onTimer (65000) time_key : 964 -- 0
[2015-11-20 16:05:40]	INFO	task worker [1] onTimer (65000) time_key : 965 -- 0
[2015-11-20 16:06:45]	INFO	task worker [1] onTimer (65000) time_key : 966 -- 0
[2015-11-20 16:07:50]	INFO	task worker [1] onTimer (65000) time_key : 967 -- 0
[2015-11-20 16:08:55]	INFO	task worker [1] onTimer (65000) time_key : 968 -- 0
[2015-11-20 16:10:00]	INFO	task worker [1] onTimer (65000) time_key : 970 -- 0
[2015-11-20 16:11:05]	INFO	task worker [1] onTimer (65000) time_key : 971 -- 0
[2015-11-20 16:12:10]	INFO	task worker [1] onTimer (65000) time_key : 972 -- 0
[2015-11-20 16:13:15]	INFO	task worker [1] onTimer (65000) time_key : 973 -- 0
[2015-11-20 16:14:20]	INFO	task worker [1] onTimer (65000) time_key : 974 -- 0
[2015-11-20 16:13:45]	INFO	worker [0] onTimer (60000) time_key : 973 -- 0
[2015-11-20 16:14:45]	INFO	worker [0] onTimer (60000) time_key : 974 -- 0
[2015-11-20 16:15:45]	INFO	worker [0] onTimer (60000) time_key : 975 -- 0
[2015-11-20 16:16:45]	INFO	worker [0] onTimer (60000) time_key : 976 -- 0
[2015-11-20 16:17:45]	INFO	worker [0] onTimer (60000) time_key : 977 -- 0
[2015-11-20 16:18:45]	INFO	worker [0] onTimer (60000) time_key : 978 -- 0
[2015-11-20 16:19:45]	INFO	worker [0] onTimer (60000) time_key : 979 -- 0
[2015-11-20 16:20:45]	INFO	worker [0] onTimer (60000) time_key : 980 -- 0
[2015-11-20 16:21:45]	INFO	worker [0] onTimer (60000) time_key : 981 -- 0
[2015-11-20 16:22:45]	INFO	worker [0] onTimer (60000) time_key : 982 -- 0
[2015-11-20 16:15:25]	INFO	task worker [1] onTimer (65000) time_key : 975 -- 0
[2015-11-20 16:16:30]	INFO	task worker [1] onTimer (65000) time_key : 976 -- 0
[2015-11-20 16:17:35]	INFO	task worker [1] onTimer (65000) time_key : 977 -- 0
[2015-11-20 16:18:40]	INFO	task worker [1] onTimer (65000) time_key : 978 -- 0
[2015-11-20 16:19:45]	INFO	task worker [1] onTimer (65000) time_key : 979 -- 0
[2015-11-20 16:20:50]	INFO	task worker [1] onTimer (65000) time_key : 980 -- 0
[2015-11-20 16:21:55]	INFO	task worker [1] onTimer (65000) time_key : 981 -- 0
[2015-11-20 16:23:00]	INFO	task worker [1] onTimer (65000) time_key : 983 -- 0
[2015-11-20 16:24:05]	INFO	task worker [1] onTimer (65000) time_key : 984 -- 0
[2015-11-20 16:25:10]	INFO	task worker [1] onTimer (65000) time_key : 985 -- 0
[2015-11-20 16:23:45]	INFO	worker [0] onTimer (60000) time_key : 983 -- 0
[2015-11-20 16:24:45]	INFO	worker [0] onTimer (60000) time_key : 984 -- 0
[2015-11-20 16:25:45]	INFO	worker [0] onTimer (60000) time_key : 985 -- 0
[2015-11-20 16:26:45]	INFO	worker [0] onTimer (60000) time_key : 986 -- 0
[2015-11-20 16:27:45]	INFO	worker [0] onTimer (60000) time_key : 987 -- 0
[2015-11-20 16:28:45]	INFO	worker [0] onTimer (60000) time_key : 988 -- 0
[2015-11-20 16:29:45]	INFO	worker [0] onTimer (60000) time_key : 989 -- 0
[2015-11-20 16:30:45]	INFO	worker [0] onTimer (60000) time_key : 990 -- 0
[2015-11-20 16:31:45]	INFO	worker [0] onTimer (60000) time_key : 991 -- 0
[2015-11-20 16:32:45]	INFO	worker [0] onTimer (60000) time_key : 992 -- 0
[2015-11-20 16:26:15]	INFO	task worker [1] onTimer (65000) time_key : 986 -- 0
[2015-11-20 16:27:20]	INFO	task worker [1] onTimer (65000) time_key : 987 -- 0
[2015-11-20 16:28:25]	INFO	task worker [1] onTimer (65000) time_key : 988 -- 0
[2015-11-20 16:29:30]	INFO	task worker [1] onTimer (65000) time_key : 989 -- 0
[2015-11-20 16:30:35]	INFO	task worker [1] onTimer (65000) time_key : 990 -- 0
[2015-11-20 16:31:40]	INFO	task worker [1] onTimer (65000) time_key : 991 -- 0
[2015-11-20 16:32:45]	INFO	task worker [1] onTimer (65000) time_key : 992 -- 0
[2015-11-20 16:33:50]	INFO	task worker [1] onTimer (65000) time_key : 993 -- 0
[2015-11-20 16:34:55]	INFO	task worker [1] onTimer (65000) time_key : 994 -- 0
[2015-11-20 16:36:00]	INFO	task worker [1] onTimer (65000) time_key : 996 -- 0
[2015-11-20 16:33:45]	INFO	worker [0] onTimer (60000) time_key : 993 -- 0
[2015-11-20 16:34:45]	INFO	worker [0] onTimer (60000) time_key : 994 -- 0
[2015-11-20 16:35:45]	INFO	worker [0] onTimer (60000) time_key : 995 -- 0
[2015-11-20 16:36:45]	INFO	worker [0] onTimer (60000) time_key : 996 -- 0
[2015-11-20 16:37:45]	INFO	worker [0] onTimer (60000) time_key : 997 -- 0
[2015-11-20 16:38:45]	INFO	worker [0] onTimer (60000) time_key : 998 -- 0
[2015-11-20 16:39:45]	INFO	worker [0] onTimer (60000) time_key : 999 -- 0
[2015-11-20 16:40:45]	INFO	worker [0] onTimer (60000) time_key : 1000 -- 0
[2015-11-20 16:41:45]	INFO	worker [0] onTimer (60000) time_key : 1001 -- 0
[2015-11-20 16:42:45]	INFO	worker [0] onTimer (60000) time_key : 1002 -- 0
[2015-11-20 14:35:45]	INFO	stats server start
[2015-11-23 10:02:32]	INFO	worker [0] onTimer (60000) time_key : 602 -- 0
[2015-11-23 10:03:32]	INFO	worker [0] onTimer (60000) time_key : 603 -- 0
[2015-11-23 10:04:32]	INFO	worker [0] onTimer (60000) time_key : 604 -- 0
[2015-11-23 10:05:32]	INFO	worker [0] onTimer (60000) time_key : 605 -- 0
[2015-11-23 10:06:32]	INFO	worker [0] onTimer (60000) time_key : 606 -- 0
[2015-11-23 10:07:32]	INFO	worker [0] onTimer (60000) time_key : 607 -- 0
[2015-11-23 10:08:32]	INFO	worker [0] onTimer (60000) time_key : 608 -- 0
[2015-11-23 10:09:32]	INFO	worker [0] onTimer (60000) time_key : 609 -- 0
[2015-11-23 10:10:32]	INFO	worker [0] onTimer (60000) time_key : 610 -- 0
[2015-11-23 10:11:32]	INFO	worker [0] onTimer (60000) time_key : 611 -- 0
[2015-11-23 10:02:37]	INFO	task worker [1] onTimer (65000) time_key : 602 -- 0
[2015-11-23 10:03:42]	INFO	task worker [1] onTimer (65000) time_key : 603 -- 0
[2015-11-23 10:04:47]	INFO	task worker [1] onTimer (65000) time_key : 604 -- 0
[2015-11-23 10:05:52]	INFO	task worker [1] onTimer (65000) time_key : 605 -- 0
[2015-11-23 10:06:57]	INFO	task worker [1] onTimer (65000) time_key : 606 -- 0
[2015-11-23 10:08:02]	INFO	task worker [1] onTimer (65000) time_key : 608 -- 0
[2015-11-23 10:09:07]	INFO	task worker [1] onTimer (65000) time_key : 609 -- 0
[2015-11-23 10:10:12]	INFO	task worker [1] onTimer (65000) time_key : 610 -- 0
[2015-11-23 10:11:17]	INFO	task worker [1] onTimer (65000) time_key : 611 -- 0
[2015-11-23 10:12:22]	INFO	task worker [1] onTimer (65000) time_key : 612 -- 0
[2015-11-23 10:12:32]	INFO	worker [0] onTimer (60000) time_key : 612 -- 0
[2015-11-23 10:13:32]	INFO	worker [0] onTimer (60000) time_key : 613 -- 0
[2015-11-23 10:14:32]	INFO	worker [0] onTimer (60000) time_key : 614 -- 0
[2015-11-23 10:15:32]	INFO	worker [0] onTimer (60000) time_key : 615 -- 0
[2015-11-23 10:16:32]	INFO	worker [0] onTimer (60000) time_key : 616 -- 0
[2015-11-23 10:17:32]	INFO	worker [0] onTimer (60000) time_key : 617 -- 0
[2015-11-23 10:18:32]	INFO	worker [0] onTimer (60000) time_key : 618 -- 0
[2015-11-23 10:19:32]	INFO	worker [0] onTimer (60000) time_key : 619 -- 0
[2015-11-23 10:20:32]	INFO	worker [0] onTimer (60000) time_key : 620 -- 0
[2015-11-23 10:21:32]	INFO	worker [0] onTimer (60000) time_key : 621 -- 0
[2015-11-23 10:13:27]	INFO	task worker [1] onTimer (65000) time_key : 613 -- 0
[2015-11-23 10:14:32]	INFO	task worker [1] onTimer (65000) time_key : 614 -- 0
[2015-11-23 10:15:37]	INFO	task worker [1] onTimer (65000) time_key : 615 -- 0
[2015-11-23 10:16:42]	INFO	task worker [1] onTimer (65000) time_key : 616 -- 0
[2015-11-23 10:17:47]	INFO	task worker [1] onTimer (65000) time_key : 617 -- 0
[2015-11-23 10:18:52]	INFO	task worker [1] onTimer (65000) time_key : 618 -- 0
[2015-11-23 10:19:57]	INFO	task worker [1] onTimer (65000) time_key : 619 -- 0
[2015-11-23 10:21:02]	INFO	task worker [1] onTimer (65000) time_key : 621 -- 0
[2015-11-23 10:22:07]	INFO	task worker [1] onTimer (65000) time_key : 622 -- 0
[2015-11-23 10:23:12]	INFO	task worker [1] onTimer (65000) time_key : 623 -- 0
[2015-11-23 10:22:32]	INFO	worker [0] onTimer (60000) time_key : 622 -- 0
[2015-11-23 10:23:53]	INFO	worker [0] onTimer (60000) time_key : 623 -- 0
[2015-11-23 10:24:53]	INFO	worker [0] onTimer (60000) time_key : 624 -- 0
[2015-11-23 10:25:53]	INFO	worker [0] onTimer (60000) time_key : 625 -- 0
[2015-11-23 10:26:53]	INFO	worker [0] onTimer (60000) time_key : 626 -- 0
[2015-11-23 10:27:53]	INFO	worker [0] onTimer (60000) time_key : 627 -- 0
[2015-11-23 10:28:53]	INFO	worker [0] onTimer (60000) time_key : 628 -- 0
[2015-11-23 10:29:53]	INFO	worker [0] onTimer (60000) time_key : 629 -- 0
[2015-11-23 10:30:53]	INFO	worker [0] onTimer (60000) time_key : 630 -- 0
[2015-11-23 10:31:53]	INFO	worker [0] onTimer (60000) time_key : 631 -- 0
[2015-11-23 10:24:17]	INFO	task worker [1] onTimer (65000) time_key : 624 -- 0
[2015-11-23 10:25:22]	INFO	task worker [1] onTimer (65000) time_key : 625 -- 0
[2015-11-23 10:26:27]	INFO	task worker [1] onTimer (65000) time_key : 626 -- 0
[2015-11-23 10:27:32]	INFO	task worker [1] onTimer (65000) time_key : 627 -- 0
[2015-11-23 10:28:37]	INFO	task worker [1] onTimer (65000) time_key : 628 -- 0
[2015-11-23 10:29:42]	INFO	task worker [1] onTimer (65000) time_key : 629 -- 0
[2015-11-23 10:30:47]	INFO	task worker [1] onTimer (65000) time_key : 630 -- 0
[2015-11-23 10:31:52]	INFO	task worker [1] onTimer (65000) time_key : 631 -- 0
[2015-11-23 10:32:57]	INFO	task worker [1] onTimer (65000) time_key : 632 -- 0
[2015-11-23 10:34:02]	INFO	task worker [1] onTimer (65000) time_key : 634 -- 0
[2015-11-23 10:32:53]	INFO	worker [0] onTimer (60000) time_key : 632 -- 0
[2015-11-23 10:33:53]	INFO	worker [0] onTimer (60000) time_key : 633 -- 0
[2015-11-23 10:34:53]	INFO	worker [0] onTimer (60000) time_key : 634 -- 0
[2015-11-23 10:35:53]	INFO	worker [0] onTimer (60000) time_key : 635 -- 0
[2015-11-23 10:36:53]	INFO	worker [0] onTimer (60000) time_key : 636 -- 0
[2015-11-23 10:37:53]	INFO	worker [0] onTimer (60000) time_key : 637 -- 0
[2015-11-23 10:38:53]	INFO	worker [0] onTimer (60000) time_key : 638 -- 0
[2015-11-23 10:39:53]	INFO	worker [0] onTimer (60000) time_key : 639 -- 0
[2015-11-23 10:40:53]	INFO	worker [0] onTimer (60000) time_key : 640 -- 0
[2015-11-23 10:41:53]	INFO	worker [0] onTimer (60000) time_key : 641 -- 0
[2015-11-23 10:35:07]	INFO	task worker [1] onTimer (65000) time_key : 635 -- 0
[2015-11-23 10:36:12]	INFO	task worker [1] onTimer (65000) time_key : 636 -- 0
[2015-11-23 10:37:17]	INFO	task worker [1] onTimer (65000) time_key : 637 -- 0
[2015-11-23 10:38:22]	INFO	task worker [1] onTimer (65000) time_key : 638 -- 0
[2015-11-23 10:39:27]	INFO	task worker [1] onTimer (65000) time_key : 639 -- 0
[2015-11-23 10:40:32]	INFO	task worker [1] onTimer (65000) time_key : 640 -- 0
[2015-11-23 10:41:37]	INFO	task worker [1] onTimer (65000) time_key : 641 -- 0
[2015-11-23 10:42:42]	INFO	task worker [1] onTimer (65000) time_key : 642 -- 0
[2015-11-23 10:43:47]	INFO	task worker [1] onTimer (65000) time_key : 643 -- 0
[2015-11-23 10:44:52]	INFO	task worker [1] onTimer (65000) time_key : 644 -- 0
[2015-11-23 10:42:53]	INFO	worker [0] onTimer (60000) time_key : 642 -- 0
[2015-11-23 10:43:53]	INFO	worker [0] onTimer (60000) time_key : 643 -- 0
[2015-11-23 10:44:53]	INFO	worker [0] onTimer (60000) time_key : 644 -- 0
[2015-11-23 10:45:53]	INFO	worker [0] onTimer (60000) time_key : 645 -- 0
[2015-11-23 10:46:53]	INFO	worker [0] onTimer (60000) time_key : 646 -- 0
[2015-11-23 10:47:53]	INFO	worker [0] onTimer (60000) time_key : 647 -- 0
[2015-11-23 10:48:53]	INFO	worker [0] onTimer (60000) time_key : 648 -- 0
[2015-11-23 10:49:53]	INFO	worker [0] onTimer (60000) time_key : 649 -- 0
[2015-11-23 10:50:53]	INFO	worker [0] onTimer (60000) time_key : 650 -- 0
[2015-11-23 10:51:53]	INFO	worker [0] onTimer (60000) time_key : 651 -- 0
[2015-11-23 10:45:57]	INFO	task worker [1] onTimer (65000) time_key : 645 -- 0
[2015-11-23 10:47:02]	INFO	task worker [1] onTimer (65000) time_key : 647 -- 0
[2015-11-23 10:48:07]	INFO	task worker [1] onTimer (65000) time_key : 648 -- 0
[2015-11-23 10:49:12]	INFO	task worker [1] onTimer (65000) time_key : 649 -- 0
[2015-11-23 10:50:17]	INFO	task worker [1] onTimer (65000) time_key : 650 -- 0
[2015-11-23 10:51:22]	INFO	task worker [1] onTimer (65000) time_key : 651 -- 0
[2015-11-23 10:52:27]	INFO	task worker [1] onTimer (65000) time_key : 652 -- 0
[2015-11-23 10:53:32]	INFO	task worker [1] onTimer (65000) time_key : 653 -- 0
[2015-11-23 10:54:37]	INFO	task worker [1] onTimer (65000) time_key : 654 -- 0
[2015-11-23 10:55:42]	INFO	task worker [1] onTimer (65000) time_key : 655 -- 0
[2015-11-23 10:52:53]	INFO	worker [0] onTimer (60000) time_key : 652 -- 0
[2015-11-23 10:53:53]	INFO	worker [0] onTimer (60000) time_key : 653 -- 0
[2015-11-23 10:54:53]	INFO	worker [0] onTimer (60000) time_key : 654 -- 0
[2015-11-23 10:55:53]	INFO	worker [0] onTimer (60000) time_key : 655 -- 0
[2015-11-23 10:56:53]	INFO	worker [0] onTimer (60000) time_key : 656 -- 0
[2015-11-23 10:57:53]	INFO	worker [0] onTimer (60000) time_key : 657 -- 0
[2015-11-23 10:58:53]	INFO	worker [0] onTimer (60000) time_key : 658 -- 0
[2015-11-23 10:59:53]	INFO	worker [0] onTimer (60000) time_key : 659 -- 0
[2015-11-23 11:00:53]	INFO	worker [0] onTimer (60000) time_key : 660 -- 0
[2015-11-23 11:01:53]	INFO	worker [0] onTimer (60000) time_key : 661 -- 0
[2015-11-23 10:01:32]	INFO	stats server start
[2015-11-23 11:06:59]	INFO	task worker [1] onTimer (65000) time_key : 666 -- 0
[2015-11-23 11:08:04]	INFO	task worker [1] onTimer (65000) time_key : 668 -- 1
[2015-11-23 11:08:04]	INFO	insert task-123_123_666_666 to stats_server table
[2015-11-23 11:08:04]	INFO	new table stats_server_20151123
[2015-11-23 11:08:04]	INFO	insert task-123_123_666_666 to stats_client table
[2015-11-23 11:08:04]	INFO	new table stats_client_20151123
[2015-11-23 11:08:04]	INFO	insert task-123_123_666_666 to stats table
[2015-11-23 11:08:04]	INFO	new table stats_20151123
[2015-11-23 11:09:09]	INFO	task worker [1] onTimer (65000) time_key : 669 -- 1
[2015-11-23 11:09:09]	INFO	insert task-123_123_667_667 to stats_server table
[2015-11-23 11:06:54]	INFO	worker [0] onTimer (60000) time_key : 666 -- 1
[2015-11-23 11:07:54]	INFO	worker [0] onTimer (60000) time_key : 667 -- 2
[2015-11-23 11:07:54]	INFO	[0] task 123_123_666_666 to 0
[2015-11-23 11:08:54]	INFO	worker [0] onTimer (60000) time_key : 668 -- 1
[2015-11-23 11:08:54]	INFO	[0] task 123_123_667_667 to 0
[2015-11-23 11:09:54]	INFO	worker [0] onTimer (60000) time_key : 669 -- 0
[2015-11-23 11:10:54]	INFO	worker [0] onTimer (60000) time_key : 670 -- 0
[2015-11-23 11:11:54]	INFO	worker [0] onTimer (60000) time_key : 671 -- 1
[2015-11-23 11:12:54]	INFO	worker [0] onTimer (60000) time_key : 672 -- 1
[2015-11-23 11:12:54]	INFO	[0] task 123_123_671_671 to 0
[2015-11-23 11:09:09]	INFO	insert task-123_123_667_667 to stats_client table
[2015-11-23 11:09:09]	INFO	insert task-123_123_667_667 to stats table
[2015-11-23 11:10:14]	INFO	task worker [1] onTimer (65000) time_key : 670 -- 0
[2015-11-23 11:11:19]	INFO	task worker [1] onTimer (65000) time_key : 671 -- 0
[2015-11-23 11:12:24]	INFO	task worker [1] onTimer (65000) time_key : 672 -- 0
[2015-11-23 11:13:29]	INFO	task worker [1] onTimer (65000) time_key : 673 -- 1
[2015-11-23 11:13:29]	INFO	insert task-123_123_671_671 to stats_server table
[2015-11-23 11:13:29]	INFO	insert task-123_123_671_671 to stats_client table
[2015-11-23 11:13:29]	INFO	insert task-123_123_671_671 to stats table
[2015-11-23 11:14:34]	INFO	task worker [1] onTimer (65000) time_key : 674 -- 0
[2015-11-23 11:26:25]	INFO	worker [0] onTimer (60000) time_key : 137 -- 1
[2015-11-23 11:27:25]	INFO	worker [0] onTimer (60000) time_key : 137 -- 1
[2015-11-23 11:28:25]	INFO	worker [0] onTimer (60000) time_key : 137 -- 1
[2015-11-23 11:29:25]	INFO	worker [0] onTimer (60000) time_key : 137 -- 1
[2015-11-23 11:30:25]	INFO	worker [0] onTimer (60000) time_key : 138 -- 1
[2015-11-23 11:30:25]	INFO	[0] task 123_123_137_137 to 0
[2015-11-23 11:31:25]	INFO	worker [0] onTimer (60000) time_key : 138 -- 0
[2015-11-23 11:32:25]	INFO	worker [0] onTimer (60000) time_key : 138 -- 0
[2015-11-23 11:33:25]	INFO	worker [0] onTimer (60000) time_key : 138 -- 0
[2015-11-23 11:34:25]	INFO	worker [0] onTimer (60000) time_key : 138 -- 0
[2015-11-23 11:26:30]	INFO	task worker [1] onTimer (65000) time_key : 137 -- 0
[2015-11-23 11:27:35]	INFO	task worker [1] onTimer (65000) time_key : 137 -- 0
[2015-11-23 11:28:40]	INFO	task worker [1] onTimer (65000) time_key : 137 -- 0
[2015-11-23 11:29:45]	INFO	task worker [1] onTimer (65000) time_key : 137 -- 0
[2015-11-23 11:30:50]	INFO	task worker [1] onTimer (65000) time_key : 138 -- 1
[2015-11-23 11:31:55]	INFO	task worker [1] onTimer (65000) time_key : 138 -- 1
[2015-11-23 11:33:00]	INFO	task worker [1] onTimer (65000) time_key : 138 -- 1
[2015-11-23 11:34:05]	INFO	task worker [1] onTimer (65000) time_key : 138 -- 1
[2015-11-23 11:35:10]	INFO	task worker [1] onTimer (65000) time_key : 139 -- 1
[2015-11-23 11:35:10]	INFO	insert task-123_123_137_137 to stats_server table
[2015-11-23 11:35:10]	INFO	insert task-123_123_137_137 to stats_client table
[2015-11-23 11:35:10]	INFO	insert task-123_123_137_137 to stats table
[2015-11-23 11:36:15]	INFO	task worker [1] onTimer (65000) time_key : 139 -- 0
[2015-11-23 11:37:20]	INFO	task worker [1] onTimer (65000) time_key : 139 -- 0
[2015-11-23 11:38:25]	INFO	task worker [1] onTimer (65000) time_key : 139 -- 0
[2015-11-23 11:39:30]	INFO	task worker [1] onTimer (65000) time_key : 139 -- 0
[2015-11-23 11:40:35]	INFO	task worker [1] onTimer (65000) time_key : 140 -- 0
[2015-11-23 11:41:40]	INFO	task worker [1] onTimer (65000) time_key : 140 -- 0
[2015-11-23 11:42:45]	INFO	task worker [1] onTimer (65000) time_key : 140 -- 0
[2015-11-23 11:43:50]	INFO	task worker [1] onTimer (65000) time_key : 140 -- 0
[2015-11-23 11:35:25]	INFO	worker [0] onTimer (60000) time_key : 139 -- 0
[2015-11-23 11:36:25]	INFO	worker [0] onTimer (60000) time_key : 139 -- 0
[2015-11-23 11:37:27]	INFO	worker [0] onTimer (60000) time_key : 139 -- 0
[2015-11-23 11:38:27]	INFO	worker [0] onTimer (60000) time_key : 139 -- 0
[2015-11-23 11:39:27]	INFO	worker [0] onTimer (60000) time_key : 139 -- 0
[2015-11-23 11:40:27]	INFO	worker [0] onTimer (60000) time_key : 140 -- 0
[2015-11-23 11:41:27]	INFO	worker [0] onTimer (60000) time_key : 140 -- 0
[2015-11-23 11:42:27]	INFO	worker [0] onTimer (60000) time_key : 140 -- 0
[2015-11-23 11:43:27]	INFO	worker [0] onTimer (60000) time_key : 140 -- 0
[2015-11-23 11:44:27]	INFO	worker [0] onTimer (60000) time_key : 140 -- 0
[2015-11-23 11:25:24]	INFO	stats server start
[2015-11-23 12:25:18]	INFO	task worker [1] onTimer (65000) time_key : 745 -- 1
[2015-11-23 12:26:23]	INFO	task worker [1] onTimer (65000) time_key : 746 -- 1
[2015-11-23 12:26:23]	INFO	insert task-123_123_744_744 to stats_server table
[2015-11-23 12:26:23]	INFO	insert task-123_123_744_744 to stats_client table
[2015-11-23 12:26:23]	INFO	insert task-123_123_744_744 to stats table
[2015-11-23 12:27:28]	INFO	task worker [1] onTimer (65000) time_key : 747 -- 0
[2015-11-23 12:28:33]	INFO	task worker [1] onTimer (65000) time_key : 748 -- 0
[2015-11-23 12:29:38]	INFO	task worker [1] onTimer (65000) time_key : 749 -- 0
[2015-11-23 12:30:43]	INFO	task worker [1] onTimer (65000) time_key : 750 -- 0
[2015-11-23 12:31:48]	INFO	task worker [1] onTimer (65000) time_key : 751 -- 0
[2015-11-23 12:33:56]	INFO	task worker [1] onTimer (65000) time_key : 753 -- 1
[2015-11-23 12:35:01]	INFO	task worker [1] onTimer (65000) time_key : 755 -- 2
[2015-11-23 12:35:01]	INFO	insert task-123_123_752_752 to stats_server table
[2015-11-23 12:35:01]	INFO	insert task-123_123_752_752 to stats_client table
[2015-11-23 12:35:01]	INFO	insert task-123_123_752_752 to stats table
[2015-11-23 12:35:01]	INFO	insert task-123_123_753_753 to stats_server table
[2015-11-23 12:35:01]	INFO	insert task-123_123_753_753 to stats_client table
[2015-11-23 12:35:01]	INFO	insert task-123_123_753_753 to stats table
[2015-11-23 12:36:06]	INFO	task worker [1] onTimer (65000) time_key : 756 -- 0
[2015-11-23 12:37:11]	INFO	task worker [1] onTimer (65000) time_key : 757 -- 0
[2015-11-23 12:33:51]	INFO	worker [0] onTimer (60000) time_key : 753 -- 2
[2015-11-23 12:33:51]	INFO	[0] task 123_123_752_752 to 0
[2015-11-23 12:34:51]	INFO	worker [0] onTimer (60000) time_key : 754 -- 1
[2015-11-23 12:34:51]	INFO	[0] task 123_123_753_753 to 0
[2015-11-23 12:35:51]	INFO	worker [0] onTimer (60000) time_key : 755 -- 0
[2015-11-23 12:36:51]	INFO	worker [0] onTimer (60000) time_key : 756 -- 0
[2015-11-23 12:37:51]	INFO	worker [0] onTimer (60000) time_key : 757 -- 0
[2015-11-23 12:38:51]	INFO	worker [0] onTimer (60000) time_key : 758 -- 0
[2015-11-23 12:39:51]	INFO	worker [0] onTimer (60000) time_key : 759 -- 0
[2015-11-23 12:40:51]	INFO	worker [0] onTimer (60000) time_key : 760 -- 0
[2015-11-23 12:38:16]	INFO	task worker [1] onTimer (65000) time_key : 758 -- 0
[2015-11-23 12:39:21]	INFO	task worker [1] onTimer (65000) time_key : 759 -- 0
[2015-11-23 12:40:26]	INFO	task worker [1] onTimer (65000) time_key : 760 -- 0
[2015-11-23 12:41:31]	INFO	task worker [1] onTimer (65000) time_key : 761 -- 0
[2015-11-23 12:42:36]	INFO	task worker [1] onTimer (65000) time_key : 762 -- 0
[2015-11-23 12:43:41]	INFO	task worker [1] onTimer (65000) time_key : 763 -- 0
[2015-11-23 12:44:46]	INFO	task worker [1] onTimer (65000) time_key : 764 -- 0
[2015-11-23 12:45:51]	INFO	task worker [1] onTimer (65000) time_key : 765 -- 0
[2015-11-23 12:46:56]	INFO	task worker [1] onTimer (65000) time_key : 766 -- 0
[2015-11-23 12:48:01]	INFO	task worker [1] onTimer (65000) time_key : 768 -- 0
[2015-11-23 12:41:51]	INFO	worker [0] onTimer (60000) time_key : 761 -- 0
[2015-11-23 12:42:51]	INFO	worker [0] onTimer (60000) time_key : 762 -- 0
[2015-11-23 12:43:51]	INFO	worker [0] onTimer (60000) time_key : 763 -- 0
[2015-11-23 12:44:51]	INFO	worker [0] onTimer (60000) time_key : 764 -- 0
[2015-11-23 12:45:51]	INFO	worker [0] onTimer (60000) time_key : 765 -- 0
[2015-11-23 12:46:51]	INFO	worker [0] onTimer (60000) time_key : 766 -- 0
[2015-11-23 12:47:51]	INFO	worker [0] onTimer (60000) time_key : 767 -- 0
[2015-11-23 12:48:51]	INFO	worker [0] onTimer (60000) time_key : 768 -- 0
[2015-11-23 12:49:51]	INFO	worker [0] onTimer (60000) time_key : 769 -- 0
[2015-11-23 12:50:51]	INFO	worker [0] onTimer (60000) time_key : 770 -- 0
[2015-11-23 12:49:06]	INFO	task worker [1] onTimer (65000) time_key : 769 -- 0
[2015-11-23 12:50:11]	INFO	task worker [1] onTimer (65000) time_key : 770 -- 0
[2015-11-23 12:51:16]	INFO	task worker [1] onTimer (65000) time_key : 771 -- 0
[2015-11-23 12:52:21]	INFO	task worker [1] onTimer (65000) time_key : 772 -- 0
[2015-11-23 12:53:26]	INFO	task worker [1] onTimer (65000) time_key : 773 -- 0
[2015-11-23 12:54:31]	INFO	task worker [1] onTimer (65000) time_key : 774 -- 0
[2015-11-23 12:55:36]	INFO	task worker [1] onTimer (65000) time_key : 775 -- 0
[2015-11-23 12:56:41]	INFO	task worker [1] onTimer (65000) time_key : 776 -- 0
[2015-11-23 12:57:46]	INFO	task worker [1] onTimer (65000) time_key : 777 -- 0
[2015-11-23 12:58:51]	INFO	task worker [1] onTimer (65000) time_key : 778 -- 0
[2015-11-23 12:51:51]	INFO	worker [0] onTimer (60000) time_key : 771 -- 0
[2015-11-23 12:52:51]	INFO	worker [0] onTimer (60000) time_key : 772 -- 0
[2015-11-23 12:53:51]	INFO	worker [0] onTimer (60000) time_key : 773 -- 0
[2015-11-23 12:54:51]	INFO	worker [0] onTimer (60000) time_key : 774 -- 0
[2015-11-23 12:55:51]	INFO	worker [0] onTimer (60000) time_key : 775 -- 0
[2015-11-23 12:56:51]	INFO	worker [0] onTimer (60000) time_key : 776 -- 0
[2015-11-23 12:57:51]	INFO	worker [0] onTimer (60000) time_key : 777 -- 0
[2015-11-23 12:58:51]	INFO	worker [0] onTimer (60000) time_key : 778 -- 0
[2015-11-23 12:59:51]	INFO	worker [0] onTimer (60000) time_key : 779 -- 0
[2015-11-23 13:09:08]	INFO	worker [0] onTimer (60000) time_key : 789 -- 0
[2015-11-23 12:59:56]	INFO	task worker [1] onTimer (65000) time_key : 779 -- 0
[2015-11-23 13:09:18]	INFO	task worker [1] onTimer (65000) time_key : 789 -- 0
[2015-11-23 13:10:23]	INFO	task worker [1] onTimer (65000) time_key : 790 -- 0
[2015-11-23 13:11:28]	INFO	task worker [1] onTimer (65000) time_key : 791 -- 0
[2015-11-23 13:12:33]	INFO	task worker [1] onTimer (65000) time_key : 792 -- 0
[2015-11-23 13:13:38]	INFO	task worker [1] onTimer (65000) time_key : 793 -- 0
[2015-11-23 13:14:43]	INFO	task worker [1] onTimer (65000) time_key : 794 -- 0
[2015-11-23 13:15:48]	INFO	task worker [1] onTimer (65000) time_key : 795 -- 0
[2015-11-23 13:16:53]	INFO	task worker [1] onTimer (65000) time_key : 796 -- 0
[2015-11-23 13:17:58]	INFO	task worker [1] onTimer (65000) time_key : 797 -- 0
[2015-11-23 13:29:01]	INFO	task worker [1] onTimer (65000) time_key : 809 -- 1
[2015-11-23 13:29:01]	INFO	insert task-123_123_807_807 to stats_server table
[2015-11-23 13:29:01]	INFO	insert task-123_123_807_807 to stats_client table
[2015-11-23 13:29:01]	INFO	insert task-123_123_807_807 to stats table
[2015-11-23 13:30:06]	INFO	task worker [1] onTimer (65000) time_key : 810 -- 0
[2015-11-23 13:31:11]	INFO	task worker [1] onTimer (65000) time_key : 811 -- 1
[2015-11-23 13:31:11]	INFO	insert task-123_0_809_809 to stats_server table
[2015-11-23 13:31:11]	INFO	insert task-123_0_809_809 to stats_client table
[2015-11-23 13:31:11]	INFO	insert task-123_0_809_809 to stats table
[2015-11-23 13:32:16]	INFO	task worker [1] onTimer (65000) time_key : 812 -- 0
[2015-11-23 13:28:56]	INFO	worker [0] onTimer (60000) time_key : 808 -- 1
[2015-11-23 13:28:56]	INFO	[0] task 123_123_807_807 to 0
[2015-11-23 13:29:56]	INFO	worker [0] onTimer (60000) time_key : 809 -- 1
[2015-11-23 13:30:56]	INFO	worker [0] onTimer (60000) time_key : 810 -- 1
[2015-11-23 13:30:56]	INFO	[0] task 123_0_809_809 to 0
[2015-11-23 13:31:56]	INFO	worker [0] onTimer (60000) time_key : 811 -- 0
[2015-11-23 13:32:56]	INFO	worker [0] onTimer (60000) time_key : 812 -- 0
[2015-11-23 13:33:56]	INFO	worker [0] onTimer (60000) time_key : 813 -- 1
[2015-11-23 13:34:56]	INFO	worker [0] onTimer (60000) time_key : 814 -- 1
[2015-11-23 13:34:56]	INFO	[0] task 123_0_813_813 to 0
[2015-11-23 13:33:21]	INFO	task worker [1] onTimer (65000) time_key : 813 -- 0
[2015-11-23 13:34:26]	INFO	task worker [1] onTimer (65000) time_key : 814 -- 0
[2015-11-23 13:35:31]	INFO	task worker [1] onTimer (65000) time_key : 815 -- 1
[2015-11-23 13:35:31]	INFO	insert task-123_0_813_813 to stats_server table
[2015-11-23 13:35:31]	INFO	insert task-123_0_813_813 to stats_client table
[2015-11-23 13:35:31]	INFO	insert task-123_0_813_813 to stats table
[2015-11-23 13:36:36]	INFO	task worker [1] onTimer (65000) time_key : 816 -- 0
[2015-11-23 13:37:41]	INFO	task worker [1] onTimer (65000) time_key : 817 -- 0
[2015-11-23 13:38:46]	INFO	task worker [1] onTimer (65000) time_key : 818 -- 0
[2015-11-23 13:39:51]	INFO	task worker [1] onTimer (65000) time_key : 819 -- 0
[2015-11-23 13:41:22]	INFO	task worker [1] onTimer (65000) time_key : 821 -- 1
[2015-11-23 13:42:27]	INFO	task worker [1] onTimer (65000) time_key : 822 -- 1
[2015-11-23 13:42:27]	INFO	insert task-123_0_820_820 to stats_server table
[2015-11-23 13:42:27]	INFO	new table stats_server_20151123
[2015-11-23 13:42:27]	INFO	insert task-123_0_820_820 to stats_client table
[2015-11-23 13:42:27]	INFO	new table stats_client_20151123
[2015-11-23 13:42:27]	INFO	insert task-123_0_820_820 to stats table
[2015-11-23 13:42:27]	INFO	new table stats_20151123
[2015-11-23 13:43:32]	INFO	task worker [1] onTimer (65000) time_key : 823 -- 0
[2015-11-23 13:44:37]	INFO	task worker [1] onTimer (65000) time_key : 824 -- 0
[2015-11-23 14:07:45]	INFO	task worker [1] onTimer (65000) time_key : 847 -- 1
[2015-11-23 14:08:50]	INFO	task worker [1] onTimer (65000) time_key : 848 -- 1
[2015-11-23 14:08:50]	INFO	insert task-123_0_846_846 to stats_server table
[2015-11-23 14:08:50]	INFO	new table stats_server_20151123
[2015-11-23 14:08:50]	INFO	insert task-123_0_846_846 to stats_client table
[2015-11-23 14:08:50]	INFO	new table stats_client_20151123
[2015-11-23 14:08:50]	INFO	insert task-123_0_846_846 to stats table
[2015-11-23 14:08:50]	INFO	new table stats_20151123
[2015-11-23 14:09:55]	INFO	task worker [1] onTimer (65000) time_key : 849 -- 0
[2015-11-23 14:11:00]	INFO	task worker [1] onTimer (65000) time_key : 851 -- 0
[2015-11-23 14:07:40]	INFO	worker [0] onTimer (60000) time_key : 847 -- 1
[2015-11-23 14:07:40]	INFO	[0] task 123_0_846_846 to 0
[2015-11-23 14:08:40]	INFO	worker [0] onTimer (60000) time_key : 848 -- 0
[2015-11-23 14:09:40]	INFO	worker [0] onTimer (60000) time_key : 849 -- 0
[2015-11-23 14:10:40]	INFO	worker [0] onTimer (60000) time_key : 850 -- 0
[2015-11-23 14:11:40]	INFO	worker [0] onTimer (60000) time_key : 851 -- 0
[2015-11-23 14:12:40]	INFO	worker [0] onTimer (60000) time_key : 852 -- 0
[2015-11-23 14:13:40]	INFO	worker [0] onTimer (60000) time_key : 853 -- 0
[2015-11-23 14:14:40]	INFO	worker [0] onTimer (60000) time_key : 854 -- 0
[2015-11-23 14:15:40]	INFO	worker [0] onTimer (60000) time_key : 855 -- 0
[2015-11-23 14:12:05]	INFO	task worker [1] onTimer (65000) time_key : 852 -- 0
[2015-11-23 14:13:10]	INFO	task worker [1] onTimer (65000) time_key : 853 -- 0
[2015-11-23 14:14:15]	INFO	task worker [1] onTimer (65000) time_key : 854 -- 0
[2015-11-23 14:15:20]	INFO	task worker [1] onTimer (65000) time_key : 855 -- 0
[2015-11-23 14:16:25]	INFO	task worker [1] onTimer (65000) time_key : 856 -- 0
[2015-11-23 14:17:30]	INFO	task worker [1] onTimer (65000) time_key : 857 -- 0
[2015-11-23 14:18:35]	INFO	task worker [1] onTimer (65000) time_key : 858 -- 0
[2015-11-23 14:19:40]	INFO	task worker [1] onTimer (65000) time_key : 859 -- 0
[2015-11-23 14:20:45]	INFO	task worker [1] onTimer (65000) time_key : 860 -- 0
[2015-11-23 14:21:50]	INFO	task worker [1] onTimer (65000) time_key : 861 -- 0
[2015-11-23 14:16:40]	INFO	worker [0] onTimer (60000) time_key : 856 -- 0
[2015-11-23 14:17:40]	INFO	worker [0] onTimer (60000) time_key : 857 -- 0
[2015-11-23 14:18:40]	INFO	worker [0] onTimer (60000) time_key : 858 -- 0
[2015-11-23 14:19:40]	INFO	worker [0] onTimer (60000) time_key : 859 -- 0
[2015-11-23 14:20:40]	INFO	worker [0] onTimer (60000) time_key : 860 -- 0
[2015-11-23 14:21:40]	INFO	worker [0] onTimer (60000) time_key : 861 -- 0
[2015-11-23 14:22:40]	INFO	worker [0] onTimer (60000) time_key : 862 -- 0
[2015-11-23 14:23:40]	INFO	worker [0] onTimer (60000) time_key : 863 -- 0
[2015-11-23 14:24:40]	INFO	worker [0] onTimer (60000) time_key : 864 -- 0
[2015-11-23 14:25:40]	INFO	worker [0] onTimer (60000) time_key : 865 -- 0
[2015-11-23 14:22:55]	INFO	task worker [1] onTimer (65000) time_key : 862 -- 0
[2015-11-23 14:24:00]	INFO	task worker [1] onTimer (65000) time_key : 864 -- 0
[2015-11-23 14:25:05]	INFO	task worker [1] onTimer (65000) time_key : 865 -- 0
[2015-11-23 14:26:10]	INFO	task worker [1] onTimer (65000) time_key : 866 -- 0
[2015-11-23 14:27:15]	INFO	task worker [1] onTimer (65000) time_key : 867 -- 0
[2015-11-23 14:28:20]	INFO	task worker [1] onTimer (65000) time_key : 868 -- 0
[2015-11-23 14:29:25]	INFO	task worker [1] onTimer (65000) time_key : 869 -- 0
[2015-11-23 14:30:30]	INFO	task worker [1] onTimer (65000) time_key : 870 -- 0
[2015-11-23 14:31:35]	INFO	task worker [1] onTimer (65000) time_key : 871 -- 0
[2015-11-23 14:32:40]	INFO	task worker [1] onTimer (65000) time_key : 872 -- 0
[2015-11-23 14:26:40]	INFO	worker [0] onTimer (60000) time_key : 866 -- 0
[2015-11-23 14:27:40]	INFO	worker [0] onTimer (60000) time_key : 867 -- 0
[2015-11-23 14:28:40]	INFO	worker [0] onTimer (60000) time_key : 868 -- 0
[2015-11-23 14:29:40]	INFO	worker [0] onTimer (60000) time_key : 869 -- 0
[2015-11-23 14:30:40]	INFO	worker [0] onTimer (60000) time_key : 870 -- 0
[2015-11-23 14:31:40]	INFO	worker [0] onTimer (60000) time_key : 871 -- 0
[2015-11-23 14:32:40]	INFO	worker [0] onTimer (60000) time_key : 872 -- 0
[2015-11-23 14:33:40]	INFO	worker [0] onTimer (60000) time_key : 873 -- 0
[2015-11-23 14:34:40]	INFO	worker [0] onTimer (60000) time_key : 874 -- 0
[2015-11-23 14:35:40]	INFO	worker [0] onTimer (60000) time_key : 875 -- 0
[2015-11-23 14:33:45]	INFO	task worker [1] onTimer (65000) time_key : 873 -- 0
[2015-11-23 14:34:50]	INFO	task worker [1] onTimer (65000) time_key : 874 -- 0
[2015-11-23 14:35:55]	INFO	task worker [1] onTimer (65000) time_key : 875 -- 0
[2015-11-23 14:37:00]	INFO	task worker [1] onTimer (65000) time_key : 877 -- 0
[2015-11-23 14:38:05]	INFO	task worker [1] onTimer (65000) time_key : 878 -- 0
[2015-11-23 14:39:10]	INFO	task worker [1] onTimer (65000) time_key : 879 -- 0
[2015-11-23 14:40:15]	INFO	task worker [1] onTimer (65000) time_key : 880 -- 0
[2015-11-23 14:41:20]	INFO	task worker [1] onTimer (65000) time_key : 881 -- 0
[2015-11-23 14:42:25]	INFO	task worker [1] onTimer (65000) time_key : 882 -- 0
[2015-11-23 14:43:30]	INFO	task worker [1] onTimer (65000) time_key : 883 -- 0
[2015-11-23 14:36:40]	INFO	worker [0] onTimer (60000) time_key : 876 -- 0
[2015-11-23 14:37:40]	INFO	worker [0] onTimer (60000) time_key : 877 -- 0
[2015-11-23 14:38:40]	INFO	worker [0] onTimer (60000) time_key : 878 -- 0
[2015-11-23 14:39:40]	INFO	worker [0] onTimer (60000) time_key : 879 -- 0
[2015-11-23 14:40:40]	INFO	worker [0] onTimer (60000) time_key : 880 -- 0
[2015-11-23 14:41:40]	INFO	worker [0] onTimer (60000) time_key : 881 -- 0
[2015-11-23 14:42:40]	INFO	worker [0] onTimer (60000) time_key : 882 -- 0
[2015-11-23 14:43:40]	INFO	worker [0] onTimer (60000) time_key : 883 -- 0
[2015-11-23 14:44:40]	INFO	worker [0] onTimer (60000) time_key : 884 -- 0
[2015-11-23 14:45:40]	INFO	worker [0] onTimer (60000) time_key : 885 -- 0
[2015-11-23 14:44:35]	INFO	task worker [1] onTimer (65000) time_key : 884 -- 0
[2015-11-23 14:45:40]	INFO	task worker [1] onTimer (65000) time_key : 885 -- 0
[2015-11-23 14:46:45]	INFO	task worker [1] onTimer (65000) time_key : 886 -- 0
[2015-11-23 14:47:50]	INFO	task worker [1] onTimer (65000) time_key : 887 -- 0
[2015-11-23 14:48:55]	INFO	task worker [1] onTimer (65000) time_key : 888 -- 0
[2015-11-23 14:50:00]	INFO	task worker [1] onTimer (65000) time_key : 890 -- 0
[2015-11-23 14:51:05]	INFO	task worker [1] onTimer (65000) time_key : 891 -- 0
[2015-11-23 14:52:10]	INFO	task worker [1] onTimer (65000) time_key : 892 -- 0
[2015-11-23 14:53:15]	INFO	task worker [1] onTimer (65000) time_key : 893 -- 0
[2015-11-23 14:54:20]	INFO	task worker [1] onTimer (65000) time_key : 894 -- 0
[2015-11-23 14:46:40]	INFO	worker [0] onTimer (60000) time_key : 886 -- 0
[2015-11-23 14:47:40]	INFO	worker [0] onTimer (60000) time_key : 887 -- 0
[2015-11-23 14:48:40]	INFO	worker [0] onTimer (60000) time_key : 888 -- 0
[2015-11-23 14:49:40]	INFO	worker [0] onTimer (60000) time_key : 889 -- 0
[2015-11-23 14:50:40]	INFO	worker [0] onTimer (60000) time_key : 890 -- 0
[2015-11-23 14:51:40]	INFO	worker [0] onTimer (60000) time_key : 891 -- 0
[2015-11-23 14:52:40]	INFO	worker [0] onTimer (60000) time_key : 892 -- 0
[2015-11-23 14:53:40]	INFO	worker [0] onTimer (60000) time_key : 893 -- 0
[2015-11-23 14:54:40]	INFO	worker [0] onTimer (60000) time_key : 894 -- 0
[2015-11-23 14:55:40]	INFO	worker [0] onTimer (60000) time_key : 895 -- 0
[2015-11-23 14:55:25]	INFO	task worker [1] onTimer (65000) time_key : 895 -- 0
[2015-11-23 14:56:30]	INFO	task worker [1] onTimer (65000) time_key : 896 -- 0
[2015-11-23 14:57:35]	INFO	task worker [1] onTimer (65000) time_key : 897 -- 0
[2015-11-23 14:58:40]	INFO	task worker [1] onTimer (65000) time_key : 898 -- 0
[2015-11-23 14:59:45]	INFO	task worker [1] onTimer (65000) time_key : 899 -- 0
[2015-11-23 15:00:50]	INFO	task worker [1] onTimer (65000) time_key : 900 -- 0
[2015-11-23 15:01:55]	INFO	task worker [1] onTimer (65000) time_key : 901 -- 0
[2015-11-23 15:03:00]	INFO	task worker [1] onTimer (65000) time_key : 903 -- 0
[2015-11-23 15:04:05]	INFO	task worker [1] onTimer (65000) time_key : 904 -- 0
[2015-11-23 15:05:10]	INFO	task worker [1] onTimer (65000) time_key : 905 -- 0
[2015-11-23 14:56:40]	INFO	worker [0] onTimer (60000) time_key : 896 -- 0
[2015-11-23 14:57:40]	INFO	worker [0] onTimer (60000) time_key : 897 -- 0
[2015-11-23 14:58:40]	INFO	worker [0] onTimer (60000) time_key : 898 -- 0
[2015-11-23 14:59:40]	INFO	worker [0] onTimer (60000) time_key : 899 -- 0
[2015-11-23 15:00:40]	INFO	worker [0] onTimer (60000) time_key : 900 -- 0
[2015-11-23 15:01:40]	INFO	worker [0] onTimer (60000) time_key : 901 -- 0
[2015-11-23 15:02:40]	INFO	worker [0] onTimer (60000) time_key : 902 -- 0
[2015-11-23 15:03:40]	INFO	worker [0] onTimer (60000) time_key : 903 -- 0
[2015-11-23 15:04:40]	INFO	worker [0] onTimer (60000) time_key : 904 -- 0
[2015-11-23 15:05:40]	INFO	worker [0] onTimer (60000) time_key : 905 -- 0
[2015-11-23 15:06:40]	INFO	worker [0] onTimer (60000) time_key : 906 -- 0
[2015-11-23 15:07:40]	INFO	worker [0] onTimer (60000) time_key : 907 -- 0
[2015-11-23 15:08:40]	INFO	worker [0] onTimer (60000) time_key : 908 -- 0
[2015-11-23 15:09:40]	INFO	worker [0] onTimer (60000) time_key : 909 -- 0
[2015-11-23 15:10:40]	INFO	worker [0] onTimer (60000) time_key : 910 -- 0
[2015-11-23 15:11:40]	INFO	worker [0] onTimer (60000) time_key : 911 -- 0
[2015-11-23 15:12:40]	INFO	worker [0] onTimer (60000) time_key : 912 -- 0
[2015-11-23 15:13:40]	INFO	worker [0] onTimer (60000) time_key : 913 -- 0
[2015-11-23 15:14:40]	INFO	worker [0] onTimer (60000) time_key : 914 -- 0
[2015-11-23 15:15:40]	INFO	worker [0] onTimer (60000) time_key : 915 -- 0
[2015-11-23 15:06:15]	INFO	task worker [1] onTimer (65000) time_key : 906 -- 0
[2015-11-23 15:07:20]	INFO	task worker [1] onTimer (65000) time_key : 907 -- 0
[2015-11-23 15:08:25]	INFO	task worker [1] onTimer (65000) time_key : 908 -- 0
[2015-11-23 15:09:30]	INFO	task worker [1] onTimer (65000) time_key : 909 -- 0
[2015-11-23 15:10:35]	INFO	task worker [1] onTimer (65000) time_key : 910 -- 0
[2015-11-23 15:11:40]	INFO	task worker [1] onTimer (65000) time_key : 911 -- 0
[2015-11-23 15:12:45]	INFO	task worker [1] onTimer (65000) time_key : 912 -- 0
[2015-11-23 15:13:50]	INFO	task worker [1] onTimer (65000) time_key : 913 -- 0
[2015-11-23 15:14:55]	INFO	task worker [1] onTimer (65000) time_key : 914 -- 0
[2015-11-23 15:16:00]	INFO	task worker [1] onTimer (65000) time_key : 916 -- 0
[2015-11-23 15:16:40]	INFO	worker [0] onTimer (60000) time_key : 916 -- 0
[2015-11-23 15:17:40]	INFO	worker [0] onTimer (60000) time_key : 917 -- 0
[2015-11-23 15:18:40]	INFO	worker [0] onTimer (60000) time_key : 918 -- 0
[2015-11-23 15:19:40]	INFO	worker [0] onTimer (60000) time_key : 919 -- 0
[2015-11-23 15:20:40]	INFO	worker [0] onTimer (60000) time_key : 920 -- 0
[2015-11-23 15:21:40]	INFO	worker [0] onTimer (60000) time_key : 921 -- 0
[2015-11-23 15:22:40]	INFO	worker [0] onTimer (60000) time_key : 922 -- 0
[2015-11-23 15:23:40]	INFO	worker [0] onTimer (60000) time_key : 923 -- 0
[2015-11-23 15:24:40]	INFO	worker [0] onTimer (60000) time_key : 924 -- 0
[2015-11-23 15:25:40]	INFO	worker [0] onTimer (60000) time_key : 925 -- 0
[2015-11-23 15:17:05]	INFO	task worker [1] onTimer (65000) time_key : 917 -- 0
[2015-11-23 15:18:10]	INFO	task worker [1] onTimer (65000) time_key : 918 -- 0
[2015-11-23 15:19:15]	INFO	task worker [1] onTimer (65000) time_key : 919 -- 0
[2015-11-23 15:20:20]	INFO	task worker [1] onTimer (65000) time_key : 920 -- 0
[2015-11-23 15:21:25]	INFO	task worker [1] onTimer (65000) time_key : 921 -- 0
[2015-11-23 15:22:30]	INFO	task worker [1] onTimer (65000) time_key : 922 -- 0
[2015-11-23 15:23:35]	INFO	task worker [1] onTimer (65000) time_key : 923 -- 0
[2015-11-23 15:24:40]	INFO	task worker [1] onTimer (65000) time_key : 924 -- 0
[2015-11-23 15:25:45]	INFO	task worker [1] onTimer (65000) time_key : 925 -- 0
[2015-11-23 15:26:50]	INFO	task worker [1] onTimer (65000) time_key : 926 -- 0
[2015-11-23 15:26:40]	INFO	worker [0] onTimer (60000) time_key : 926 -- 0
[2015-11-23 15:27:40]	INFO	worker [0] onTimer (60000) time_key : 927 -- 0
[2015-11-23 15:28:40]	INFO	worker [0] onTimer (60000) time_key : 928 -- 0
[2015-11-23 15:29:40]	INFO	worker [0] onTimer (60000) time_key : 929 -- 0
[2015-11-23 15:30:40]	INFO	worker [0] onTimer (60000) time_key : 930 -- 0
[2015-11-23 15:31:40]	INFO	worker [0] onTimer (60000) time_key : 931 -- 0
[2015-11-23 15:32:40]	INFO	worker [0] onTimer (60000) time_key : 932 -- 0
[2015-11-23 15:33:40]	INFO	worker [0] onTimer (60000) time_key : 933 -- 0
[2015-11-23 15:34:40]	INFO	worker [0] onTimer (60000) time_key : 934 -- 0
[2015-11-23 15:35:40]	INFO	worker [0] onTimer (60000) time_key : 935 -- 0
[2015-11-23 15:27:55]	INFO	task worker [1] onTimer (65000) time_key : 927 -- 0
[2015-11-23 15:29:00]	INFO	task worker [1] onTimer (65000) time_key : 929 -- 0
[2015-11-23 15:30:05]	INFO	task worker [1] onTimer (65000) time_key : 930 -- 0
[2015-11-23 15:31:10]	INFO	task worker [1] onTimer (65000) time_key : 931 -- 0
[2015-11-23 15:32:15]	INFO	task worker [1] onTimer (65000) time_key : 932 -- 0
[2015-11-23 15:33:20]	INFO	task worker [1] onTimer (65000) time_key : 933 -- 0
[2015-11-23 15:34:25]	INFO	task worker [1] onTimer (65000) time_key : 934 -- 0
[2015-11-23 15:35:30]	INFO	task worker [1] onTimer (65000) time_key : 935 -- 0
[2015-11-23 15:36:35]	INFO	task worker [1] onTimer (65000) time_key : 936 -- 0
[2015-11-23 15:37:40]	INFO	task worker [1] onTimer (65000) time_key : 937 -- 0
[2015-11-23 15:36:40]	INFO	worker [0] onTimer (60000) time_key : 936 -- 0
[2015-11-23 15:37:40]	INFO	worker [0] onTimer (60000) time_key : 937 -- 0
[2015-11-23 15:38:40]	INFO	worker [0] onTimer (60000) time_key : 938 -- 0
[2015-11-23 15:39:40]	INFO	worker [0] onTimer (60000) time_key : 939 -- 0
[2015-11-23 15:40:40]	INFO	worker [0] onTimer (60000) time_key : 940 -- 0
[2015-11-23 15:41:40]	INFO	worker [0] onTimer (60000) time_key : 941 -- 0
[2015-11-23 15:42:40]	INFO	worker [0] onTimer (60000) time_key : 942 -- 0
[2015-11-23 15:43:40]	INFO	worker [0] onTimer (60000) time_key : 943 -- 0
[2015-11-23 15:44:40]	INFO	worker [0] onTimer (60000) time_key : 944 -- 0
[2015-11-23 15:45:40]	INFO	worker [0] onTimer (60000) time_key : 945 -- 0
[2015-11-23 15:38:45]	INFO	task worker [1] onTimer (65000) time_key : 938 -- 0
[2015-11-23 15:39:50]	INFO	task worker [1] onTimer (65000) time_key : 939 -- 0
[2015-11-23 15:40:55]	INFO	task worker [1] onTimer (65000) time_key : 940 -- 0
[2015-11-23 15:42:00]	INFO	task worker [1] onTimer (65000) time_key : 942 -- 0
[2015-11-23 15:43:05]	INFO	task worker [1] onTimer (65000) time_key : 943 -- 0
[2015-11-23 15:44:10]	INFO	task worker [1] onTimer (65000) time_key : 944 -- 0
[2015-11-23 15:45:15]	INFO	task worker [1] onTimer (65000) time_key : 945 -- 0
[2015-11-23 15:46:20]	INFO	task worker [1] onTimer (65000) time_key : 946 -- 0
[2015-11-23 15:47:25]	INFO	task worker [1] onTimer (65000) time_key : 947 -- 0
[2015-11-23 15:48:30]	INFO	task worker [1] onTimer (65000) time_key : 948 -- 0
[2015-11-23 16:15:03]	INFO	task worker [1] onTimer (65000) time_key : 975 -- 0
[2015-11-23 16:16:08]	INFO	task worker [1] onTimer (65000) time_key : 976 -- 1
[2015-11-23 16:16:08]	INFO	insert task-123_1_974_974 to stats_server table
[2015-11-23 16:16:08]	INFO	insert task-123_1_974_974 to stats_client table
[2015-11-23 16:16:08]	INFO	insert task-123_1_974_974 to stats table
[2015-11-23 16:17:13]	INFO	task worker [1] onTimer (65000) time_key : 977 -- 1
[2015-11-23 16:17:13]	INFO	insert task-123_6_975_975 to stats_server table
[2015-11-23 16:17:13]	INFO	insert task-123_6_975_975 to stats_client table
[2015-11-23 16:17:13]	INFO	insert task-123_6_975_975 to stats table
[2015-11-23 16:18:18]	INFO	task worker [1] onTimer (65000) time_key : 978 -- 0
[2015-11-23 16:14:58]	INFO	worker [0] onTimer (60000) time_key : 974 -- 1
[2015-11-23 16:15:58]	INFO	worker [0] onTimer (60000) time_key : 975 -- 2
[2015-11-23 16:15:58]	INFO	[0] task 123_1_974_974 to 0
[2015-11-23 16:16:58]	INFO	worker [0] onTimer (60000) time_key : 976 -- 1
[2015-11-23 16:16:58]	INFO	[0] task 123_6_975_975 to 0
[2015-11-23 16:17:58]	INFO	worker [0] onTimer (60000) time_key : 977 -- 0
[2015-11-23 16:18:58]	INFO	worker [0] onTimer (60000) time_key : 978 -- 0
[2015-11-23 16:19:58]	INFO	worker [0] onTimer (60000) time_key : 979 -- 0
[2015-11-23 16:20:58]	INFO	worker [0] onTimer (60000) time_key : 980 -- 0
[2015-11-23 16:21:58]	INFO	worker [0] onTimer (60000) time_key : 981 -- 0
[2015-11-23 16:19:23]	INFO	task worker [1] onTimer (65000) time_key : 979 -- 0
[2015-11-23 16:20:28]	INFO	task worker [1] onTimer (65000) time_key : 980 -- 0
[2015-11-23 16:21:33]	INFO	task worker [1] onTimer (65000) time_key : 981 -- 0
[2015-11-23 16:22:38]	INFO	task worker [1] onTimer (65000) time_key : 982 -- 0
[2015-11-23 16:23:43]	INFO	task worker [1] onTimer (65000) time_key : 983 -- 0
[2015-11-23 16:24:48]	INFO	task worker [1] onTimer (65000) time_key : 984 -- 0
[2015-11-23 16:25:53]	INFO	task worker [1] onTimer (65000) time_key : 985 -- 0
[2015-11-23 16:26:58]	INFO	task worker [1] onTimer (65000) time_key : 986 -- 0
[2015-11-23 16:28:03]	INFO	task worker [1] onTimer (65000) time_key : 988 -- 0
[2015-11-23 16:29:08]	INFO	task worker [1] onTimer (65000) time_key : 989 -- 0
[2015-11-23 16:22:58]	INFO	worker [0] onTimer (60000) time_key : 982 -- 0
[2015-11-23 16:23:58]	INFO	worker [0] onTimer (60000) time_key : 983 -- 0
[2015-11-23 16:24:58]	INFO	worker [0] onTimer (60000) time_key : 984 -- 0
[2015-11-23 16:25:58]	INFO	worker [0] onTimer (60000) time_key : 985 -- 0
[2015-11-23 16:26:58]	INFO	worker [0] onTimer (60000) time_key : 986 -- 0
[2015-11-23 16:27:58]	INFO	worker [0] onTimer (60000) time_key : 987 -- 0
[2015-11-23 16:28:58]	INFO	worker [0] onTimer (60000) time_key : 988 -- 0
[2015-11-23 16:29:58]	INFO	worker [0] onTimer (60000) time_key : 989 -- 0
[2015-11-23 16:30:58]	INFO	worker [0] onTimer (60000) time_key : 990 -- 0
[2015-11-23 16:31:58]	INFO	worker [0] onTimer (60000) time_key : 991 -- 0
[2015-11-23 16:30:13]	INFO	task worker [1] onTimer (65000) time_key : 990 -- 0
[2015-11-23 16:31:18]	INFO	task worker [1] onTimer (65000) time_key : 991 -- 0
[2015-11-23 16:32:23]	INFO	task worker [1] onTimer (65000) time_key : 992 -- 0
[2015-11-23 16:33:28]	INFO	task worker [1] onTimer (65000) time_key : 993 -- 0
[2015-11-23 16:34:33]	INFO	task worker [1] onTimer (65000) time_key : 994 -- 0
[2015-11-23 16:35:38]	INFO	task worker [1] onTimer (65000) time_key : 995 -- 0
[2015-11-23 16:36:43]	INFO	task worker [1] onTimer (65000) time_key : 996 -- 0
[2015-11-23 16:37:48]	INFO	task worker [1] onTimer (65000) time_key : 997 -- 0
[2015-11-23 16:38:53]	INFO	task worker [1] onTimer (65000) time_key : 998 -- 0
[2015-11-23 16:39:58]	INFO	task worker [1] onTimer (65000) time_key : 999 -- 0
[2015-11-23 16:32:58]	INFO	worker [0] onTimer (60000) time_key : 992 -- 0
[2015-11-23 16:33:58]	INFO	worker [0] onTimer (60000) time_key : 993 -- 0
[2015-11-23 16:34:58]	INFO	worker [0] onTimer (60000) time_key : 994 -- 0
[2015-11-23 16:35:58]	INFO	worker [0] onTimer (60000) time_key : 995 -- 0
[2015-11-23 16:36:58]	INFO	worker [0] onTimer (60000) time_key : 996 -- 0
[2015-11-23 16:37:58]	INFO	worker [0] onTimer (60000) time_key : 997 -- 0
[2015-11-23 16:38:58]	INFO	worker [0] onTimer (60000) time_key : 998 -- 0
[2015-11-23 16:39:58]	INFO	worker [0] onTimer (60000) time_key : 999 -- 0
[2015-11-23 16:40:58]	INFO	worker [0] onTimer (60000) time_key : 1000 -- 0
[2015-11-23 16:41:58]	INFO	worker [0] onTimer (60000) time_key : 1001 -- 0
[2015-11-23 16:41:03]	INFO	task worker [1] onTimer (65000) time_key : 1001 -- 0
[2015-11-23 16:42:08]	INFO	task worker [1] onTimer (65000) time_key : 1002 -- 0
[2015-11-23 16:43:13]	INFO	task worker [1] onTimer (65000) time_key : 1003 -- 0
[2015-11-23 16:44:18]	INFO	task worker [1] onTimer (65000) time_key : 1004 -- 0
[2015-11-23 16:45:23]	INFO	task worker [1] onTimer (65000) time_key : 1005 -- 0
[2015-11-23 16:46:28]	INFO	task worker [1] onTimer (65000) time_key : 1006 -- 0
[2015-11-23 16:47:33]	INFO	task worker [1] onTimer (65000) time_key : 1007 -- 0
[2015-11-23 16:48:38]	INFO	task worker [1] onTimer (65000) time_key : 1008 -- 0
[2015-11-23 16:49:43]	INFO	task worker [1] onTimer (65000) time_key : 1009 -- 0
[2015-11-23 16:50:48]	INFO	task worker [1] onTimer (65000) time_key : 1010 -- 0
[2015-11-23 16:42:58]	INFO	worker [0] onTimer (60000) time_key : 1002 -- 0
[2015-11-23 16:43:58]	INFO	worker [0] onTimer (60000) time_key : 1003 -- 0
[2015-11-23 16:44:58]	INFO	worker [0] onTimer (60000) time_key : 1004 -- 0
[2015-11-23 16:45:58]	INFO	worker [0] onTimer (60000) time_key : 1005 -- 0
[2015-11-23 16:46:58]	INFO	worker [0] onTimer (60000) time_key : 1006 -- 0
[2015-11-23 16:47:58]	INFO	worker [0] onTimer (60000) time_key : 1007 -- 0
[2015-11-23 16:48:58]	INFO	worker [0] onTimer (60000) time_key : 1008 -- 0
[2015-11-23 16:49:58]	INFO	worker [0] onTimer (60000) time_key : 1009 -- 0
[2015-11-23 16:50:58]	INFO	worker [0] onTimer (60000) time_key : 1010 -- 0
[2015-11-23 16:51:58]	INFO	worker [0] onTimer (60000) time_key : 1011 -- 0
[2015-12-02 18:05:59]	INFO	task worker [1] onTimer (65000) time_key : 1085 -- 0
[2015-12-02 18:07:04]	INFO	task worker [1] onTimer (65000) time_key : 1087 -- 1
[2015-12-02 18:07:04]	INFO	insert task-123_6_1085_1085 to stats_server table
[2015-12-02 18:07:04]	INFO	new table stats_server_20151202
[2015-12-02 18:07:04]	INFO	insert task-123_6_1085_1085 to stats_client table
[2015-12-02 18:07:04]	INFO	new table stats_client_20151202
[2015-12-02 18:07:04]	INFO	insert task-123_6_1085_1085 to stats table
[2015-12-02 18:07:04]	INFO	new table stats_20151202
[2015-12-02 18:08:09]	INFO	task worker [1] onTimer (65000) time_key : 1088 -- 0
[2015-12-02 18:09:14]	INFO	task worker [1] onTimer (65000) time_key : 1089 -- 0
[2015-12-02 18:05:54]	INFO	worker [0] onTimer (60000) time_key : 1085 -- 1
[2015-12-02 18:06:54]	INFO	worker [0] onTimer (60000) time_key : 1086 -- 1
[2015-12-02 18:06:54]	INFO	[0] task 123_6_1085_1085 to 0
[2015-12-02 18:07:54]	INFO	worker [0] onTimer (60000) time_key : 1087 -- 0
[2015-12-02 18:08:54]	INFO	worker [0] onTimer (60000) time_key : 1088 -- 0
[2015-12-02 18:09:54]	INFO	worker [0] onTimer (60000) time_key : 1089 -- 0
[2015-12-02 18:10:54]	INFO	worker [0] onTimer (60000) time_key : 1090 -- 0
[2015-12-02 18:11:54]	INFO	worker [0] onTimer (60000) time_key : 1091 -- 0
[2015-12-02 18:12:54]	INFO	worker [0] onTimer (60000) time_key : 1092 -- 0
[2015-12-02 18:13:54]	INFO	worker [0] onTimer (60000) time_key : 1093 -- 0
[2015-12-02 18:10:19]	INFO	task worker [1] onTimer (65000) time_key : 1090 -- 0
[2015-12-02 18:11:24]	INFO	task worker [1] onTimer (65000) time_key : 1091 -- 0
[2015-12-02 18:12:29]	INFO	task worker [1] onTimer (65000) time_key : 1092 -- 0
[2015-12-02 18:13:34]	INFO	task worker [1] onTimer (65000) time_key : 1093 -- 0
[2015-12-02 18:14:39]	INFO	task worker [1] onTimer (65000) time_key : 1094 -- 0
[2015-12-02 18:15:44]	INFO	task worker [1] onTimer (65000) time_key : 1095 -- 0
[2015-12-02 18:16:49]	INFO	task worker [1] onTimer (65000) time_key : 1096 -- 0
[2015-12-02 18:17:54]	INFO	task worker [1] onTimer (65000) time_key : 1097 -- 0
[2015-12-02 18:18:59]	INFO	task worker [1] onTimer (65000) time_key : 1098 -- 0
[2015-12-02 18:20:04]	INFO	task worker [1] onTimer (65000) time_key : 1100 -- 0
[2015-12-02 18:14:54]	INFO	worker [0] onTimer (60000) time_key : 1094 -- 0
[2015-12-02 18:15:54]	INFO	worker [0] onTimer (60000) time_key : 1095 -- 0
[2015-12-02 18:16:54]	INFO	worker [0] onTimer (60000) time_key : 1096 -- 0
[2015-12-02 18:17:54]	INFO	worker [0] onTimer (60000) time_key : 1097 -- 0
[2015-12-02 18:18:54]	INFO	worker [0] onTimer (60000) time_key : 1098 -- 0
[2015-12-02 18:19:54]	INFO	worker [0] onTimer (60000) time_key : 1099 -- 0
[2015-12-02 18:20:54]	INFO	worker [0] onTimer (60000) time_key : 1100 -- 1
[2015-12-02 18:21:54]	INFO	worker [0] onTimer (60000) time_key : 1101 -- 1
[2015-12-02 18:21:54]	INFO	[0] task 123_6_1100_1100 to 0
[2015-12-02 18:22:54]	INFO	worker [0] onTimer (60000) time_key : 1102 -- 0
[2015-12-02 18:21:09]	INFO	task worker [1] onTimer (65000) time_key : 1101 -- 0
[2015-12-02 18:22:14]	INFO	task worker [1] onTimer (65000) time_key : 1102 -- 1
[2015-12-02 18:22:14]	INFO	insert task-123_6_1100_1100 to stats_server table
[2015-12-02 18:22:14]	INFO	insert task-123_6_1100_1100 to stats_client table
[2015-12-02 18:22:14]	INFO	insert task-123_6_1100_1100 to stats table
[2015-12-02 18:23:19]	INFO	task worker [1] onTimer (65000) time_key : 1103 -- 0
[2015-12-02 18:24:24]	INFO	task worker [1] onTimer (65000) time_key : 1104 -- 0
[2015-12-02 18:25:29]	INFO	task worker [1] onTimer (65000) time_key : 1105 -- 0
[2015-12-02 18:26:34]	INFO	task worker [1] onTimer (65000) time_key : 1106 -- 0
[2015-12-02 18:27:39]	INFO	task worker [1] onTimer (65000) time_key : 1107 -- 0
[2015-12-02 18:23:54]	INFO	worker [0] onTimer (60000) time_key : 1103 -- 0
[2015-12-02 18:24:54]	INFO	worker [0] onTimer (60000) time_key : 1104 -- 0
[2015-12-02 18:25:54]	INFO	worker [0] onTimer (60000) time_key : 1105 -- 0
[2015-12-02 18:26:54]	INFO	worker [0] onTimer (60000) time_key : 1106 -- 0
[2015-12-02 18:27:54]	INFO	worker [0] onTimer (60000) time_key : 1107 -- 0
[2015-12-02 18:28:54]	INFO	worker [0] onTimer (60000) time_key : 1108 -- 0
[2015-12-02 18:29:54]	INFO	worker [0] onTimer (60000) time_key : 1109 -- 0
[2015-12-02 18:30:54]	INFO	worker [0] onTimer (60000) time_key : 1110 -- 0
[2015-12-02 18:31:54]	INFO	worker [0] onTimer (60000) time_key : 1111 -- 0
[2015-12-02 18:32:54]	INFO	worker [0] onTimer (60000) time_key : 1112 -- 0
[2015-12-02 18:28:44]	INFO	task worker [1] onTimer (65000) time_key : 1108 -- 0
[2015-12-02 18:29:49]	INFO	task worker [1] onTimer (65000) time_key : 1109 -- 0
[2015-12-02 18:30:54]	INFO	task worker [1] onTimer (65000) time_key : 1110 -- 0
[2015-12-02 18:31:59]	INFO	task worker [1] onTimer (65000) time_key : 1111 -- 0
[2015-12-02 18:33:04]	INFO	task worker [1] onTimer (65000) time_key : 1113 -- 0
[2015-12-02 18:34:09]	INFO	task worker [1] onTimer (65000) time_key : 1114 -- 0
[2015-12-02 18:35:14]	INFO	task worker [1] onTimer (65000) time_key : 1115 -- 0
[2015-12-02 18:36:19]	INFO	task worker [1] onTimer (65000) time_key : 1116 -- 0
[2015-12-02 18:37:24]	INFO	task worker [1] onTimer (65000) time_key : 1117 -- 0
[2015-12-02 18:38:29]	INFO	task worker [1] onTimer (65000) time_key : 1118 -- 0
[2015-12-02 18:33:54]	INFO	worker [0] onTimer (60000) time_key : 1113 -- 0
[2015-12-02 18:34:54]	INFO	worker [0] onTimer (60000) time_key : 1114 -- 0
[2015-12-02 18:35:54]	INFO	worker [0] onTimer (60000) time_key : 1115 -- 0
[2015-12-02 18:36:54]	INFO	worker [0] onTimer (60000) time_key : 1116 -- 0
[2015-12-02 18:37:54]	INFO	worker [0] onTimer (60000) time_key : 1117 -- 0
[2015-12-02 18:38:54]	INFO	worker [0] onTimer (60000) time_key : 1118 -- 0
[2015-12-02 18:39:54]	INFO	worker [0] onTimer (60000) time_key : 1119 -- 0
[2015-12-02 18:40:54]	INFO	worker [0] onTimer (60000) time_key : 1120 -- 0
[2015-12-02 18:41:54]	INFO	worker [0] onTimer (60000) time_key : 1121 -- 0
[2015-12-02 18:42:54]	INFO	worker [0] onTimer (60000) time_key : 1122 -- 0
[2015-12-02 18:39:34]	INFO	task worker [1] onTimer (65000) time_key : 1119 -- 0
[2015-12-02 18:40:39]	INFO	task worker [1] onTimer (65000) time_key : 1120 -- 0
[2015-12-02 18:41:44]	INFO	task worker [1] onTimer (65000) time_key : 1121 -- 0
[2015-12-02 18:42:49]	INFO	task worker [1] onTimer (65000) time_key : 1122 -- 0
[2015-12-02 18:43:54]	INFO	task worker [1] onTimer (65000) time_key : 1123 -- 0
[2015-12-02 18:44:59]	INFO	task worker [1] onTimer (65000) time_key : 1124 -- 0
[2015-12-02 18:46:04]	INFO	task worker [1] onTimer (65000) time_key : 1126 -- 0
[2015-12-02 18:47:09]	INFO	task worker [1] onTimer (65000) time_key : 1127 -- 0
[2015-12-02 18:48:14]	INFO	task worker [1] onTimer (65000) time_key : 1128 -- 0
[2015-12-02 18:49:19]	INFO	task worker [1] onTimer (65000) time_key : 1129 -- 0
[2015-12-02 18:43:54]	INFO	worker [0] onTimer (60000) time_key : 1123 -- 0
[2015-12-02 18:44:54]	INFO	worker [0] onTimer (60000) time_key : 1124 -- 0
[2015-12-02 18:45:54]	INFO	worker [0] onTimer (60000) time_key : 1125 -- 0
[2015-12-02 18:46:54]	INFO	worker [0] onTimer (60000) time_key : 1126 -- 0
[2015-12-02 18:47:54]	INFO	worker [0] onTimer (60000) time_key : 1127 -- 0
[2015-12-02 18:48:54]	INFO	worker [0] onTimer (60000) time_key : 1128 -- 0
[2015-12-02 18:49:54]	INFO	worker [0] onTimer (60000) time_key : 1129 -- 0
[2015-12-02 18:50:54]	INFO	worker [0] onTimer (60000) time_key : 1130 -- 0
[2015-12-02 18:51:54]	INFO	worker [0] onTimer (60000) time_key : 1131 -- 0
[2015-12-02 18:52:54]	INFO	worker [0] onTimer (60000) time_key : 1132 -- 0
